<?xml version="1.0" encoding="UTF-8"?>
<coverage generated="1736180179840" clover="3.2.0">
  <project timestamp="1736180179840" name="All files">
    <metrics statements="338" coveredstatements="222" conditionals="161" coveredconditionals="88" methods="47" coveredmethods="31" elements="546" coveredelements="341" complexity="0" loc="338" ncloc="338" packages="5" files="17" classes="17"/>
    <package name="controllers">
      <metrics statements="243" coveredstatements="142" conditionals="137" coveredconditionals="73" methods="33" coveredmethods="20"/>
      <file name="authController.js" path="/Users/dinesh/Documents/SideSpark/e-commerce-backend/controllers/authController.js">
        <metrics statements="58" coveredstatements="30" conditionals="30" coveredconditionals="20" methods="8" coveredmethods="3"/>
        <line num="9" count="4" type="stmt"/>
        <line num="14" count="4" type="stmt"/>
        <line num="15" count="11" type="stmt"/>
        <line num="18" count="11" type="cond" truecount="5" falsecount="1"/>
        <line num="19" count="0" type="stmt"/>
        <line num="23" count="11" type="cond" truecount="1" falsecount="1"/>
        <line num="24" count="0" type="stmt"/>
        <line num="28" count="11" type="stmt"/>
        <line num="29" count="11" type="cond" truecount="2" falsecount="0"/>
        <line num="30" count="2" type="stmt"/>
        <line num="34" count="9" type="cond" truecount="3" falsecount="1"/>
        <line num="35" count="0" type="stmt"/>
        <line num="41" count="9" type="cond" truecount="2" falsecount="0"/>
        <line num="44" count="9" type="stmt"/>
        <line num="52" count="9" type="stmt"/>
        <line num="58" count="4" type="stmt"/>
        <line num="59" count="5" type="stmt"/>
        <line num="62" count="5" type="cond" truecount="3" falsecount="1"/>
        <line num="63" count="0" type="stmt"/>
        <line num="67" count="5" type="stmt"/>
        <line num="68" count="5" type="cond" truecount="2" falsecount="0"/>
        <line num="69" count="1" type="stmt"/>
        <line num="73" count="4" type="stmt"/>
        <line num="74" count="4" type="cond" truecount="2" falsecount="0"/>
        <line num="75" count="2" type="stmt"/>
        <line num="80" count="2" type="stmt"/>
        <line num="86" count="4" type="stmt"/>
        <line num="87" count="0" type="stmt"/>
        <line num="89" count="0" type="stmt"/>
        <line num="95" count="4" type="stmt"/>
        <line num="96" count="0" type="stmt"/>
        <line num="98" count="0" type="cond" truecount="0" falsecount="2"/>
        <line num="99" count="0" type="stmt"/>
        <line num="103" count="0" type="stmt"/>
        <line num="104" count="0" type="stmt"/>
        <line num="106" count="0" type="stmt"/>
        <line num="115" count="4" type="stmt"/>
        <line num="117" count="0" type="stmt"/>
        <line num="122" count="0" type="stmt"/>
        <line num="127" count="0" type="cond" truecount="0" falsecount="2"/>
        <line num="128" count="0" type="stmt"/>
        <line num="132" count="0" type="stmt"/>
        <line num="133" count="0" type="stmt"/>
        <line num="134" count="0" type="stmt"/>
        <line num="135" count="0" type="stmt"/>
        <line num="137" count="0" type="stmt"/>
        <line num="143" count="4" type="stmt"/>
        <line num="144" count="0" type="stmt"/>
        <line num="145" count="0" type="stmt"/>
        <line num="151" count="4" type="stmt"/>
        <line num="152" count="0" type="stmt"/>
        <line num="154" count="0" type="cond" truecount="0" falsecount="2"/>
        <line num="155" count="0" type="stmt"/>
        <line num="158" count="0" type="stmt"/>
        <line num="163" count="0" type="stmt"/>
        <line num="167" count="4" type="stmt"/>
        <line num="168" count="11" type="stmt"/>
        <line num="170" count="11" type="stmt"/>
      </file>
      <file name="orderController.js" path="/Users/dinesh/Documents/SideSpark/e-commerce-backend/controllers/orderController.js">
        <metrics statements="55" coveredstatements="46" conditionals="35" coveredconditionals="26" methods="6" coveredmethods="6"/>
        <line num="8" count="4" type="stmt"/>
        <line num="9" count="8" type="stmt"/>
        <line num="11" count="8" type="cond" truecount="4" falsecount="1"/>
        <line num="12" count="0" type="stmt"/>
        <line num="17" count="8" type="cond" truecount="3" falsecount="1"/>
        <line num="18" count="0" type="stmt"/>
        <line num="23" count="8" type="cond" truecount="1" falsecount="1"/>
        <line num="24" count="0" type="stmt"/>
        <line num="27" count="8" type="stmt"/>
        <line num="28" count="8" type="cond" truecount="3" falsecount="1"/>
        <line num="29" count="0" type="stmt"/>
        <line num="36" count="8" type="stmt"/>
        <line num="37" count="8" type="cond" truecount="2" falsecount="0"/>
        <line num="38" count="1" type="stmt"/>
        <line num="45" count="7" type="cond" truecount="2" falsecount="0"/>
        <line num="46" count="1" type="stmt"/>
        <line num="55" count="6" type="stmt"/>
        <line num="56" count="6" type="stmt"/>
        <line num="58" count="6" type="stmt"/>
        <line num="59" count="6" type="stmt"/>
        <line num="60" count="6" type="stmt"/>
        <line num="62" count="6" type="stmt"/>
        <line num="63" count="6" type="stmt"/>
        <line num="65" count="6" type="stmt"/>
        <line num="73" count="6" type="stmt"/>
        <line num="81" count="6" type="stmt"/>
        <line num="91" count="4" type="stmt"/>
        <line num="92" count="3" type="stmt"/>
        <line num="93" count="3" type="stmt"/>
        <line num="98" count="3" type="cond" truecount="2" falsecount="0"/>
        <line num="99" count="1" type="stmt"/>
        <line num="102" count="2" type="stmt"/>
        <line num="108" count="0" type="stmt"/>
        <line num="115" count="4" type="stmt"/>
        <line num="116" count="2" type="stmt"/>
        <line num="121" count="1" type="cond" truecount="1" falsecount="1"/>
        <line num="122" count="0" type="stmt"/>
        <line num="126" count="1" type="cond" truecount="2" falsecount="2"/>
        <line num="127" count="0" type="stmt"/>
        <line num="132" count="1" type="stmt"/>
        <line num="142" count="4" type="stmt"/>
        <line num="143" count="3" type="stmt"/>
        <line num="145" count="2" type="cond" truecount="1" falsecount="1"/>
        <line num="146" count="0" type="stmt"/>
        <line num="150" count="2" type="cond" truecount="4" falsecount="0"/>
        <line num="151" count="1" type="stmt"/>
        <line num="157" count="1" type="cond" truecount="1" falsecount="1"/>
        <line num="158" count="0" type="stmt"/>
        <line num="162" count="1" type="stmt"/>
        <line num="164" count="1" type="stmt"/>
        <line num="165" count="1" type="stmt"/>
        <line num="166" count="1" type="stmt"/>
        <line num="170" count="1" type="stmt"/>
        <line num="171" count="1" type="stmt"/>
        <line num="173" count="1" type="stmt"/>
      </file>
      <file name="productController.js" path="/Users/dinesh/Documents/SideSpark/e-commerce-backend/controllers/productController.js">
        <metrics statements="72" coveredstatements="38" conditionals="45" coveredconditionals="20" methods="11" coveredmethods="6"/>
        <line num="8" count="4" type="stmt"/>
        <line num="9" count="5" type="stmt"/>
        <line num="12" count="5" type="cond" truecount="4" falsecount="1"/>
        <line num="13" count="2" type="stmt"/>
        <line num="22" count="3" type="cond" truecount="1" falsecount="1"/>
        <line num="25" count="3" type="stmt"/>
        <line num="26" count="3" type="stmt"/>
        <line num="28" count="3" type="stmt"/>
        <line num="29" count="4" type="stmt"/>
        <line num="32" count="4" type="cond" truecount="4" falsecount="1"/>
        <line num="33" count="0" type="stmt"/>
        <line num="36" count="0" type="stmt"/>
        <line num="40" count="4" type="cond" truecount="1" falsecount="1"/>
        <line num="41" count="0" type="stmt"/>
        <line num="43" count="4" type="cond" truecount="1" falsecount="1"/>
        <line num="44" count="0" type="stmt"/>
        <line num="50" count="4" type="cond" truecount="1" falsecount="1"/>
        <line num="51" count="0" type="stmt"/>
        <line num="55" count="4" type="stmt"/>
        <line num="60" count="3" type="cond" truecount="1" falsecount="1"/>
        <line num="61" count="0" type="stmt"/>
        <line num="67" count="3" type="stmt"/>
        <line num="68" count="4" type="stmt"/>
        <line num="71" count="3" type="cond" truecount="1" falsecount="1"/>
        <line num="72" count="0" type="stmt"/>
        <line num="73" count="0" type="stmt"/>
        <line num="82" count="4" type="stmt"/>
        <line num="87" count="3" type="stmt"/>
        <line num="89" count="3" type="stmt"/>
        <line num="99" count="4" type="stmt"/>
        <line num="101" count="2" type="stmt"/>
        <line num="134" count="2" type="stmt"/>
        <line num="150" count="4" type="stmt"/>
        <line num="151" count="0" type="stmt"/>
        <line num="153" count="0" type="cond" truecount="0" falsecount="2"/>
        <line num="154" count="0" type="stmt"/>
        <line num="157" count="0" type="stmt"/>
        <line num="167" count="4" type="stmt"/>
        <line num="168" count="1" type="stmt"/>
        <line num="170" count="1" type="cond" truecount="1" falsecount="1"/>
        <line num="171" count="0" type="stmt"/>
        <line num="175" count="1" type="cond" truecount="3" falsecount="1"/>
        <line num="176" count="0" type="stmt"/>
        <line num="179" count="1" type="stmt"/>
        <line num="188" count="1" type="stmt"/>
        <line num="207" count="4" type="stmt"/>
        <line num="209" count="2" type="stmt"/>
        <line num="212" count="2" type="cond" truecount="2" falsecount="0"/>
        <line num="213" count="1" type="stmt"/>
        <line num="217" count="1" type="stmt"/>
        <line num="220" count="1" type="stmt"/>
        <line num="229" count="4" type="stmt"/>
        <line num="230" count="0" type="stmt"/>
        <line num="231" count="0" type="stmt"/>
        <line num="234" count="0" type="cond" truecount="0" falsecount="5"/>
        <line num="235" count="0" type="stmt"/>
        <line num="241" count="0" type="cond" truecount="0" falsecount="4"/>
        <line num="242" count="0" type="stmt"/>
        <line num="248" count="0" type="stmt"/>
        <line num="251" count="0" type="cond" truecount="0" falsecount="2"/>
        <line num="252" count="0" type="stmt"/>
        <line num="258" count="0" type="stmt"/>
        <line num="259" count="0" type="stmt"/>
        <line num="262" count="0" type="cond" truecount="0" falsecount="2"/>
        <line num="263" count="0" type="stmt"/>
        <line num="269" count="0" type="stmt"/>
        <line num="276" count="0" type="stmt"/>
        <line num="277" count="0" type="stmt"/>
        <line num="280" count="0" type="stmt"/>
        <line num="283" count="0" type="stmt"/>
        <line num="285" count="0" type="stmt"/>
        <line num="295" count="0" type="stmt"/>
      </file>
      <file name="userController.js" path="/Users/dinesh/Documents/SideSpark/e-commerce-backend/controllers/userController.js">
        <metrics statements="58" coveredstatements="28" conditionals="27" coveredconditionals="7" methods="8" coveredmethods="5"/>
        <line num="9" count="4" type="stmt"/>
        <line num="10" count="4" type="stmt"/>
        <line num="13" count="4" type="stmt"/>
        <line num="14" count="4" type="stmt"/>
        <line num="15" count="4" type="stmt"/>
        <line num="16" count="4" type="stmt"/>
        <line num="20" count="4" type="stmt"/>
        <line num="21" count="4" type="stmt"/>
        <line num="22" count="4" type="stmt"/>
        <line num="25" count="4" type="cond" truecount="2" falsecount="0"/>
        <line num="26" count="1" type="stmt"/>
        <line num="31" count="3" type="cond" truecount="1" falsecount="1"/>
        <line num="32" count="0" type="stmt"/>
        <line num="36" count="3" type="stmt"/>
        <line num="47" count="3" type="cond" truecount="2" falsecount="0"/>
        <line num="48" count="1" type="stmt"/>
        <line num="51" count="2" type="stmt"/>
        <line num="62" count="4" type="stmt"/>
        <line num="63" count="1" type="stmt"/>
        <line num="64" count="1" type="stmt"/>
        <line num="75" count="4" type="stmt"/>
        <line num="76" count="2" type="stmt"/>
        <line num="77" count="2" type="stmt"/>
        <line num="79" count="2" type="cond" truecount="2" falsecount="0"/>
        <line num="80" count="1" type="stmt"/>
        <line num="85" count="1" type="stmt"/>
        <line num="91" count="0" type="stmt"/>
        <line num="99" count="4" type="stmt"/>
        <line num="100" count="0" type="stmt"/>
        <line num="103" count="0" type="cond" truecount="0" falsecount="5"/>
        <line num="104" count="0" type="stmt"/>
        <line num="109" count="0" type="cond" truecount="0" falsecount="2"/>
        <line num="112" count="0" type="cond" truecount="0" falsecount="2"/>
        <line num="113" count="0" type="stmt"/>
        <line num="117" count="0" type="stmt"/>
        <line num="118" count="0" type="cond" truecount="0" falsecount="2"/>
        <line num="119" count="0" type="stmt"/>
        <line num="123" count="0" type="stmt"/>
        <line num="130" count="0" type="stmt"/>
        <line num="145" count="4" type="stmt"/>
        <line num="146" count="0" type="stmt"/>
        <line num="149" count="0" type="stmt"/>
        <line num="150" count="0" type="cond" truecount="0" falsecount="2"/>
        <line num="151" count="0" type="stmt"/>
        <line num="155" count="0" type="cond" truecount="0" falsecount="2"/>
        <line num="156" count="0" type="stmt"/>
        <line num="159" count="0" type="stmt"/>
        <line num="160" count="0" type="stmt"/>
        <line num="162" count="0" type="stmt"/>
        <line num="171" count="4" type="stmt"/>
        <line num="172" count="0" type="stmt"/>
        <line num="174" count="0" type="cond" truecount="0" falsecount="2"/>
        <line num="175" count="0" type="stmt"/>
        <line num="179" count="0" type="cond" truecount="0" falsecount="2"/>
        <line num="180" count="0" type="stmt"/>
        <line num="183" count="0" type="stmt"/>
        <line num="184" count="0" type="stmt"/>
        <line num="186" count="0" type="stmt"/>
      </file>
    </package>
    <package name="middleware">
      <metrics statements="47" coveredstatements="38" conditionals="22" coveredconditionals="14" methods="9" coveredmethods="8"/>
      <file name="async.js" path="/Users/dinesh/Documents/SideSpark/e-commerce-backend/middleware/async.js">
        <metrics statements="2" coveredstatements="2" conditionals="0" coveredconditionals="0" methods="2" coveredmethods="2"/>
        <line num="1" count="88" type="stmt"/>
        <line num="2" count="80" type="stmt"/>
      </file>
      <file name="auth.js" path="/Users/dinesh/Documents/SideSpark/e-commerce-backend/middleware/auth.js">
        <metrics statements="18" coveredstatements="14" conditionals="8" coveredconditionals="5" methods="3" coveredmethods="3"/>
        <line num="8" count="4" type="stmt"/>
        <line num="10" count="33" type="stmt"/>
        <line num="13" count="33" type="cond" truecount="1" falsecount="1"/>
        <line num="14" count="0" type="stmt"/>
        <line num="23" count="33" type="cond" truecount="1" falsecount="1"/>
        <line num="24" count="0" type="stmt"/>
        <line num="32" count="33" type="stmt"/>
        <line num="34" count="33" type="stmt"/>
        <line num="37" count="33" type="stmt"/>
        <line num="39" count="33" type="cond" truecount="1" falsecount="1"/>
        <line num="40" count="0" type="stmt"/>
        <line num="45" count="33" type="stmt"/>
        <line num="47" count="0" type="stmt"/>
        <line num="62" count="4" type="stmt"/>
        <line num="63" count="12" type="stmt"/>
        <line num="65" count="11" type="cond" truecount="2" falsecount="0"/>
        <line num="66" count="3" type="stmt"/>
        <line num="73" count="8" type="stmt"/>
      </file>
      <file name="error.js" path="/Users/dinesh/Documents/SideSpark/e-commerce-backend/middleware/error.js">
        <metrics statements="15" coveredstatements="10" conditionals="12" coveredconditionals="7" methods="2" coveredmethods="1"/>
        <line num="3" count="4" type="stmt"/>
        <line num="4" count="21" type="stmt"/>
        <line num="5" count="21" type="stmt"/>
        <line num="8" count="21" type="cond" truecount="1" falsecount="1"/>
        <line num="9" count="0" type="stmt"/>
        <line num="13" count="21" type="cond" truecount="2" falsecount="0"/>
        <line num="14" count="2" type="stmt"/>
        <line num="15" count="2" type="stmt"/>
        <line num="19" count="21" type="cond" truecount="1" falsecount="1"/>
        <line num="20" count="0" type="stmt"/>
        <line num="21" count="0" type="stmt"/>
        <line num="25" count="21" type="cond" truecount="1" falsecount="1"/>
        <line num="26" count="0" type="stmt"/>
        <line num="27" count="0" type="stmt"/>
        <line num="30" count="21" type="cond" truecount="1" falsecount="1"/>
      </file>
      <file name="security.js" path="/Users/dinesh/Documents/SideSpark/e-commerce-backend/middleware/security.js">
        <metrics statements="7" coveredstatements="7" conditionals="0" coveredconditionals="0" methods="1" coveredmethods="1"/>
        <line num="6" count="4" type="stmt"/>
        <line num="12" count="4" type="stmt"/>
        <line num="14" count="4" type="stmt"/>
        <line num="17" count="4" type="stmt"/>
        <line num="20" count="4" type="stmt"/>
        <line num="23" count="4" type="stmt"/>
        <line num="26" count="4" type="stmt"/>
      </file>
      <file name="validateRequest.js" path="/Users/dinesh/Documents/SideSpark/e-commerce-backend/middleware/validateRequest.js">
        <metrics statements="5" coveredstatements="5" conditionals="2" coveredconditionals="2" methods="1" coveredmethods="1"/>
        <line num="4" count="4" type="stmt"/>
        <line num="5" count="12" type="stmt"/>
        <line num="7" count="12" type="cond" truecount="2" falsecount="0"/>
        <line num="8" count="1" type="stmt"/>
        <line num="11" count="11" type="stmt"/>
      </file>
    </package>
    <package name="models">
      <metrics statements="7" coveredstatements="7" conditionals="0" coveredconditionals="0" methods="1" coveredmethods="1"/>
      <file name="index.js" path="/Users/dinesh/Documents/SideSpark/e-commerce-backend/models/index.js">
        <metrics statements="7" coveredstatements="7" conditionals="0" coveredconditionals="0" methods="1" coveredmethods="1"/>
        <line num="4" count="4" type="stmt"/>
        <line num="5" count="12" type="stmt"/>
        <line num="6" count="12" type="stmt"/>
        <line num="8" count="8" type="stmt"/>
        <line num="18" count="4" type="stmt"/>
        <line num="19" count="4" type="stmt"/>
        <line num="20" count="4" type="stmt"/>
      </file>
    </package>
    <package name="models.schemas">
      <metrics statements="19" coveredstatements="13" conditionals="2" coveredconditionals="1" methods="4" coveredmethods="2"/>
      <file name="orderSchema.js" path="/Users/dinesh/Documents/SideSpark/e-commerce-backend/models/schemas/orderSchema.js">
        <metrics statements="1" coveredstatements="1" conditionals="0" coveredconditionals="0" methods="0" coveredmethods="0"/>
        <line num="3" count="4" type="stmt"/>
      </file>
      <file name="productSchema.js" path="/Users/dinesh/Documents/SideSpark/e-commerce-backend/models/schemas/productSchema.js">
        <metrics statements="2" coveredstatements="2" conditionals="0" coveredconditionals="0" methods="0" coveredmethods="0"/>
        <line num="3" count="4" type="stmt"/>
        <line num="55" count="4" type="stmt"/>
      </file>
      <file name="userSchema.js" path="/Users/dinesh/Documents/SideSpark/e-commerce-backend/models/schemas/userSchema.js">
        <metrics statements="16" coveredstatements="10" conditionals="2" coveredconditionals="1" methods="4" coveredmethods="2"/>
        <line num="6" count="4" type="stmt"/>
        <line num="47" count="4" type="stmt"/>
        <line num="48" count="71" type="cond" truecount="1" falsecount="1"/>
        <line num="49" count="0" type="stmt"/>
        <line num="52" count="71" type="stmt"/>
        <line num="53" count="71" type="stmt"/>
        <line num="54" count="71" type="stmt"/>
        <line num="58" count="4" type="stmt"/>
        <line num="59" count="11" type="stmt"/>
        <line num="65" count="4" type="stmt"/>
        <line num="66" count="0" type="stmt"/>
        <line num="70" count="4" type="stmt"/>
        <line num="72" count="0" type="stmt"/>
        <line num="75" count="0" type="stmt"/>
        <line num="81" count="0" type="stmt"/>
        <line num="83" count="0" type="stmt"/>
      </file>
    </package>
    <package name="routes">
      <metrics statements="22" coveredstatements="22" conditionals="0" coveredconditionals="0" methods="0" coveredmethods="0"/>
      <file name="auth.js" path="/Users/dinesh/Documents/SideSpark/e-commerce-backend/routes/auth.js">
        <metrics statements="5" coveredstatements="5" conditionals="0" coveredconditionals="0" methods="0" coveredmethods="0"/>
        <line num="12" count="4" type="stmt"/>
        <line num="87" count="4" type="stmt"/>
        <line num="112" count="4" type="stmt"/>
        <line num="128" count="4" type="stmt"/>
        <line num="144" count="4" type="stmt"/>
      </file>
      <file name="order.js" path="/Users/dinesh/Documents/SideSpark/e-commerce-backend/routes/order.js">
        <metrics statements="6" coveredstatements="6" conditionals="0" coveredconditionals="0" methods="0" coveredmethods="0"/>
        <line num="11" count="4" type="stmt"/>
        <line num="13" count="4" type="stmt"/>
        <line num="79" count="4" type="stmt"/>
        <line num="106" count="4" type="stmt"/>
        <line num="135" count="4" type="stmt"/>
        <line num="166" count="4" type="stmt"/>
      </file>
      <file name="product.js" path="/Users/dinesh/Documents/SideSpark/e-commerce-backend/routes/product.js">
        <metrics statements="6" coveredstatements="6" conditionals="0" coveredconditionals="0" methods="0" coveredmethods="0"/>
        <line num="12" count="4" type="stmt"/>
        <line num="83" count="4" type="stmt"/>
        <line num="111" count="4" type="stmt"/>
        <line num="138" count="4" type="stmt"/>
        <line num="189" count="4" type="stmt"/>
        <line num="218" count="4" type="stmt"/>
      </file>
      <file name="user.js" path="/Users/dinesh/Documents/SideSpark/e-commerce-backend/routes/user.js">
        <metrics statements="5" coveredstatements="5" conditionals="0" coveredconditionals="0" methods="0" coveredmethods="0"/>
        <line num="11" count="4" type="stmt"/>
        <line num="34" count="4" type="stmt"/>
        <line num="73" count="4" type="stmt"/>
        <line num="166" count="4" type="stmt"/>
        <line num="208" count="4" type="stmt"/>
      </file>
    </package>
  </project>
</coverage>
