{"/Users/dinesh/Documents/SideSpark/e-commerce-backend/controllers/authController.js": {"path":"/Users/dinesh/Documents/SideSpark/e-commerce-backend/controllers/authController.js","statementMap":{"0":{"start":{"line":9,"column":28},"end":{"line":9,"column":30}},"1":{"start":{"line":14,"column":24},"end":{"line":53,"column":2}},"2":{"start":{"line":15,"column":59},"end":{"line":15,"column":67}},"3":{"start":{"line":18,"column":2},"end":{"line":20,"column":3}},"4":{"start":{"line":19,"column":4},"end":{"line":19,"column":67}},"5":{"start":{"line":23,"column":2},"end":{"line":25,"column":3}},"6":{"start":{"line":24,"column":4},"end":{"line":24,"column":66}},"7":{"start":{"line":28,"column":23},"end":{"line":28,"column":73}},"8":{"start":{"line":29,"column":2},"end":{"line":31,"column":3}},"9":{"start":{"line":30,"column":4},"end":{"line":30,"column":64}},"10":{"start":{"line":34,"column":2},"end":{"line":38,"column":3}},"11":{"start":{"line":35,"column":4},"end":{"line":37,"column":6}},"12":{"start":{"line":41,"column":19},"end":{"line":41,"column":33}},"13":{"start":{"line":44,"column":15},"end":{"line":49,"column":4}},"14":{"start":{"line":52,"column":2},"end":{"line":52,"column":68}},"15":{"start":{"line":58,"column":21},"end":{"line":81,"column":2}},"16":{"start":{"line":59,"column":30},"end":{"line":59,"column":38}},"17":{"start":{"line":62,"column":2},"end":{"line":64,"column":3}},"18":{"start":{"line":63,"column":4},"end":{"line":63,"column":77}},"19":{"start":{"line":67,"column":15},"end":{"line":67,"column":64}},"20":{"start":{"line":68,"column":2},"end":{"line":70,"column":3}},"21":{"start":{"line":69,"column":4},"end":{"line":69,"column":69}},"22":{"start":{"line":73,"column":28},"end":{"line":73,"column":73}},"23":{"start":{"line":74,"column":2},"end":{"line":78,"column":3}},"24":{"start":{"line":75,"column":4},"end":{"line":77,"column":6}},"25":{"start":{"line":80,"column":2},"end":{"line":80,"column":56}},"26":{"start":{"line":86,"column":21},"end":{"line":90,"column":2}},"27":{"start":{"line":87,"column":15},"end":{"line":87,"column":47}},"28":{"start":{"line":89,"column":2},"end":{"line":89,"column":75}},"29":{"start":{"line":95,"column":30},"end":{"line":110,"column":2}},"30":{"start":{"line":96,"column":15},"end":{"line":96,"column":74}},"31":{"start":{"line":98,"column":2},"end":{"line":100,"column":3}},"32":{"start":{"line":99,"column":4},"end":{"line":99,"column":58}},"33":{"start":{"line":103,"column":21},"end":{"line":103,"column":49}},"34":{"start":{"line":104,"column":2},"end":{"line":104,"column":49}},"35":{"start":{"line":106,"column":2},"end":{"line":109,"column":5}},"36":{"start":{"line":115,"column":29},"end":{"line":138,"column":2}},"37":{"start":{"line":117,"column":29},"end":{"line":120,"column":18}},"38":{"start":{"line":122,"column":15},"end":{"line":125,"column":4}},"39":{"start":{"line":127,"column":2},"end":{"line":129,"column":3}},"40":{"start":{"line":128,"column":4},"end":{"line":128,"column":57}},"41":{"start":{"line":132,"column":2},"end":{"line":132,"column":36}},"42":{"start":{"line":133,"column":2},"end":{"line":133,"column":38}},"43":{"start":{"line":134,"column":2},"end":{"line":134,"column":39}},"44":{"start":{"line":135,"column":2},"end":{"line":135,"column":20}},"45":{"start":{"line":137,"column":2},"end":{"line":137,"column":36}},"46":{"start":{"line":143,"column":28},"end":{"line":146,"column":2}},"47":{"start":{"line":144,"column":15},"end":{"line":144,"column":47}},"48":{"start":{"line":145,"column":2},"end":{"line":145,"column":36}},"49":{"start":{"line":151,"column":22},"end":{"line":164,"column":2}},"50":{"start":{"line":152,"column":16},"end":{"line":152,"column":56}},"51":{"start":{"line":154,"column":2},"end":{"line":156,"column":3}},"52":{"start":{"line":155,"column":4},"end":{"line":155,"column":71}},"53":{"start":{"line":158,"column":2},"end":{"line":158,"column":29}},"54":{"start":{"line":163,"column":2},"end":{"line":163,"column":63}},"55":{"start":{"line":167,"column":26},"end":{"line":181,"column":1}},"56":{"start":{"line":168,"column":16},"end":{"line":168,"column":40}},"57":{"start":{"line":170,"column":2},"end":{"line":180,"column":5}}},"fnMap":{"0":{"name":"(anonymous_0)","decl":{"start":{"line":14,"column":37},"end":{"line":14,"column":38}},"loc":{"start":{"line":14,"column":63},"end":{"line":53,"column":1}},"line":14},"1":{"name":"(anonymous_1)","decl":{"start":{"line":58,"column":34},"end":{"line":58,"column":35}},"loc":{"start":{"line":58,"column":60},"end":{"line":81,"column":1}},"line":58},"2":{"name":"(anonymous_2)","decl":{"start":{"line":86,"column":34},"end":{"line":86,"column":35}},"loc":{"start":{"line":86,"column":60},"end":{"line":90,"column":1}},"line":86},"3":{"name":"(anonymous_3)","decl":{"start":{"line":95,"column":43},"end":{"line":95,"column":44}},"loc":{"start":{"line":95,"column":69},"end":{"line":110,"column":1}},"line":95},"4":{"name":"(anonymous_4)","decl":{"start":{"line":115,"column":42},"end":{"line":115,"column":43}},"loc":{"start":{"line":115,"column":68},"end":{"line":138,"column":1}},"line":115},"5":{"name":"(anonymous_5)","decl":{"start":{"line":143,"column":41},"end":{"line":143,"column":42}},"loc":{"start":{"line":143,"column":67},"end":{"line":146,"column":1}},"line":143},"6":{"name":"(anonymous_6)","decl":{"start":{"line":151,"column":35},"end":{"line":151,"column":36}},"loc":{"start":{"line":151,"column":61},"end":{"line":164,"column":1}},"line":151},"7":{"name":"(anonymous_7)","decl":{"start":{"line":167,"column":26},"end":{"line":167,"column":27}},"loc":{"start":{"line":167,"column":62},"end":{"line":181,"column":1}},"line":167}},"branchMap":{"0":{"loc":{"start":{"line":18,"column":2},"end":{"line":20,"column":3}},"type":"if","locations":[{"start":{"line":18,"column":2},"end":{"line":20,"column":3}},{"start":{},"end":{}}],"line":18},"1":{"loc":{"start":{"line":18,"column":6},"end":{"line":18,"column":54}},"type":"binary-expr","locations":[{"start":{"line":18,"column":6},"end":{"line":18,"column":11}},{"start":{"line":18,"column":15},"end":{"line":18,"column":21}},{"start":{"line":18,"column":25},"end":{"line":18,"column":34}},{"start":{"line":18,"column":38},"end":{"line":18,"column":54}}],"line":18},"2":{"loc":{"start":{"line":23,"column":2},"end":{"line":25,"column":3}},"type":"if","locations":[{"start":{"line":23,"column":2},"end":{"line":25,"column":3}},{"start":{},"end":{}}],"line":23},"3":{"loc":{"start":{"line":29,"column":2},"end":{"line":31,"column":3}},"type":"if","locations":[{"start":{"line":29,"column":2},"end":{"line":31,"column":3}},{"start":{},"end":{}}],"line":29},"4":{"loc":{"start":{"line":34,"column":2},"end":{"line":38,"column":3}},"type":"if","locations":[{"start":{"line":34,"column":2},"end":{"line":38,"column":3}},{"start":{},"end":{}}],"line":34},"5":{"loc":{"start":{"line":34,"column":6},"end":{"line":34,"column":47}},"type":"binary-expr","locations":[{"start":{"line":34,"column":6},"end":{"line":34,"column":10}},{"start":{"line":34,"column":14},"end":{"line":34,"column":47}}],"line":34},"6":{"loc":{"start":{"line":41,"column":19},"end":{"line":41,"column":33}},"type":"binary-expr","locations":[{"start":{"line":41,"column":19},"end":{"line":41,"column":23}},{"start":{"line":41,"column":27},"end":{"line":41,"column":33}}],"line":41},"7":{"loc":{"start":{"line":62,"column":2},"end":{"line":64,"column":3}},"type":"if","locations":[{"start":{"line":62,"column":2},"end":{"line":64,"column":3}},{"start":{},"end":{}}],"line":62},"8":{"loc":{"start":{"line":62,"column":6},"end":{"line":62,"column":25}},"type":"binary-expr","locations":[{"start":{"line":62,"column":6},"end":{"line":62,"column":12}},{"start":{"line":62,"column":16},"end":{"line":62,"column":25}}],"line":62},"9":{"loc":{"start":{"line":68,"column":2},"end":{"line":70,"column":3}},"type":"if","locations":[{"start":{"line":68,"column":2},"end":{"line":70,"column":3}},{"start":{},"end":{}}],"line":68},"10":{"loc":{"start":{"line":74,"column":2},"end":{"line":78,"column":3}},"type":"if","locations":[{"start":{"line":74,"column":2},"end":{"line":78,"column":3}},{"start":{},"end":{}}],"line":74},"11":{"loc":{"start":{"line":98,"column":2},"end":{"line":100,"column":3}},"type":"if","locations":[{"start":{"line":98,"column":2},"end":{"line":100,"column":3}},{"start":{},"end":{}}],"line":98},"12":{"loc":{"start":{"line":127,"column":2},"end":{"line":129,"column":3}},"type":"if","locations":[{"start":{"line":127,"column":2},"end":{"line":129,"column":3}},{"start":{},"end":{}}],"line":127},"13":{"loc":{"start":{"line":154,"column":2},"end":{"line":156,"column":3}},"type":"if","locations":[{"start":{"line":154,"column":2},"end":{"line":156,"column":3}},{"start":{},"end":{}}],"line":154}},"s":{"0":4,"1":4,"2":11,"3":11,"4":0,"5":11,"6":0,"7":11,"8":11,"9":2,"10":9,"11":0,"12":9,"13":9,"14":9,"15":4,"16":5,"17":5,"18":0,"19":5,"20":5,"21":1,"22":4,"23":4,"24":2,"25":2,"26":4,"27":0,"28":0,"29":4,"30":0,"31":0,"32":0,"33":0,"34":0,"35":0,"36":4,"37":0,"38":0,"39":0,"40":0,"41":0,"42":0,"43":0,"44":0,"45":0,"46":4,"47":0,"48":0,"49":4,"50":0,"51":0,"52":0,"53":0,"54":0,"55":4,"56":11,"57":11},"f":{"0":11,"1":5,"2":0,"3":0,"4":0,"5":0,"6":0,"7":11},"b":{"0":[0,11],"1":[11,11,11,11],"2":[0,11],"3":[2,9],"4":[0,9],"5":[9,2],"6":[9,7],"7":[0,5],"8":[5,5],"9":[1,4],"10":[2,2],"11":[0,0],"12":[0,0],"13":[0,0]},"inputSourceMap":null,"_coverageSchema":"1a1c01bbd47fc00a2c39e90264f33305004495a9","hash":"8bbddbf8d25828ba09fa1a9a1765eb957fdafe26"}
,"/Users/dinesh/Documents/SideSpark/e-commerce-backend/controllers/orderController.js": {"path":"/Users/dinesh/Documents/SideSpark/e-commerce-backend/controllers/orderController.js","statementMap":{"0":{"start":{"line":8,"column":27},"end":{"line":86,"column":2}},"1":{"start":{"line":9,"column":52},"end":{"line":9,"column":60}},"2":{"start":{"line":11,"column":2},"end":{"line":15,"column":3}},"3":{"start":{"line":12,"column":4},"end":{"line":14,"column":6}},"4":{"start":{"line":17,"column":2},"end":{"line":21,"column":3}},"5":{"start":{"line":18,"column":4},"end":{"line":20,"column":6}},"6":{"start":{"line":23,"column":2},"end":{"line":25,"column":3}},"7":{"start":{"line":24,"column":4},"end":{"line":24,"column":71}},"8":{"start":{"line":27,"column":2},"end":{"line":53,"column":3}},"9":{"start":{"line":28,"column":4},"end":{"line":35,"column":5}},"10":{"start":{"line":29,"column":6},"end":{"line":34,"column":8}},"11":{"start":{"line":36,"column":20},"end":{"line":36,"column":56}},"12":{"start":{"line":37,"column":4},"end":{"line":44,"column":5}},"13":{"start":{"line":38,"column":6},"end":{"line":43,"column":8}},"14":{"start":{"line":45,"column":4},"end":{"line":52,"column":5}},"15":{"start":{"line":46,"column":6},"end":{"line":51,"column":8}},"16":{"start":{"line":55,"column":20},"end":{"line":55,"column":21}},"17":{"start":{"line":56,"column":23},"end":{"line":71,"column":3}},"18":{"start":{"line":58,"column":22},"end":{"line":58,"column":58}},"19":{"start":{"line":59,"column":24},"end":{"line":59,"column":53}},"20":{"start":{"line":60,"column":6},"end":{"line":60,"column":31}},"21":{"start":{"line":62,"column":6},"end":{"line":62,"column":37}},"22":{"start":{"line":63,"column":6},"end":{"line":63,"column":27}},"23":{"start":{"line":65,"column":6},"end":{"line":69,"column":8}},"24":{"start":{"line":73,"column":16},"end":{"line":79,"column":4}},"25":{"start":{"line":81,"column":2},"end":{"line":85,"column":5}},"26":{"start":{"line":91,"column":25},"end":{"line":110,"column":2}},"27":{"start":{"line":92,"column":2},"end":{"line":109,"column":3}},"28":{"start":{"line":93,"column":19},"end":{"line":96,"column":5}},"29":{"start":{"line":98,"column":4},"end":{"line":100,"column":5}},"30":{"start":{"line":99,"column":6},"end":{"line":99,"column":61}},"31":{"start":{"line":102,"column":4},"end":{"line":106,"column":7}},"32":{"start":{"line":108,"column":4},"end":{"line":108,"column":80}},"33":{"start":{"line":115,"column":28},"end":{"line":137,"column":2}},"34":{"start":{"line":116,"column":16},"end":{"line":119,"column":3}},"35":{"start":{"line":121,"column":2},"end":{"line":123,"column":3}},"36":{"start":{"line":122,"column":4},"end":{"line":122,"column":59}},"37":{"start":{"line":126,"column":2},"end":{"line":130,"column":3}},"38":{"start":{"line":127,"column":4},"end":{"line":129,"column":6}},"39":{"start":{"line":132,"column":2},"end":{"line":136,"column":5}},"40":{"start":{"line":142,"column":27},"end":{"line":178,"column":2}},"41":{"start":{"line":143,"column":16},"end":{"line":143,"column":51}},"42":{"start":{"line":145,"column":2},"end":{"line":147,"column":3}},"43":{"start":{"line":146,"column":4},"end":{"line":146,"column":59}},"44":{"start":{"line":150,"column":2},"end":{"line":154,"column":3}},"45":{"start":{"line":151,"column":4},"end":{"line":153,"column":6}},"46":{"start":{"line":157,"column":2},"end":{"line":159,"column":3}},"47":{"start":{"line":158,"column":4},"end":{"line":158,"column":80}},"48":{"start":{"line":162,"column":2},"end":{"line":168,"column":4}},"49":{"start":{"line":164,"column":22},"end":{"line":164,"column":58}},"50":{"start":{"line":165,"column":6},"end":{"line":165,"column":37}},"51":{"start":{"line":166,"column":6},"end":{"line":166,"column":27}},"52":{"start":{"line":170,"column":2},"end":{"line":170,"column":29}},"53":{"start":{"line":171,"column":2},"end":{"line":171,"column":21}},"54":{"start":{"line":173,"column":2},"end":{"line":177,"column":5}}},"fnMap":{"0":{"name":"(anonymous_0)","decl":{"start":{"line":8,"column":40},"end":{"line":8,"column":41}},"loc":{"start":{"line":8,"column":66},"end":{"line":86,"column":1}},"line":8},"1":{"name":"(anonymous_1)","decl":{"start":{"line":57,"column":14},"end":{"line":57,"column":15}},"loc":{"start":{"line":57,"column":30},"end":{"line":70,"column":5}},"line":57},"2":{"name":"(anonymous_2)","decl":{"start":{"line":91,"column":38},"end":{"line":91,"column":39}},"loc":{"start":{"line":91,"column":64},"end":{"line":110,"column":1}},"line":91},"3":{"name":"(anonymous_3)","decl":{"start":{"line":115,"column":41},"end":{"line":115,"column":42}},"loc":{"start":{"line":115,"column":67},"end":{"line":137,"column":1}},"line":115},"4":{"name":"(anonymous_4)","decl":{"start":{"line":142,"column":40},"end":{"line":142,"column":41}},"loc":{"start":{"line":142,"column":66},"end":{"line":178,"column":1}},"line":142},"5":{"name":"(anonymous_5)","decl":{"start":{"line":163,"column":20},"end":{"line":163,"column":21}},"loc":{"start":{"line":163,"column":36},"end":{"line":167,"column":5}},"line":163}},"branchMap":{"0":{"loc":{"start":{"line":11,"column":2},"end":{"line":15,"column":3}},"type":"if","locations":[{"start":{"line":11,"column":2},"end":{"line":15,"column":3}},{"start":{},"end":{}}],"line":11},"1":{"loc":{"start":{"line":11,"column":6},"end":{"line":11,"column":59}},"type":"binary-expr","locations":[{"start":{"line":11,"column":6},"end":{"line":11,"column":12}},{"start":{"line":11,"column":16},"end":{"line":11,"column":37}},{"start":{"line":11,"column":41},"end":{"line":11,"column":59}}],"line":11},"2":{"loc":{"start":{"line":17,"column":2},"end":{"line":21,"column":3}},"type":"if","locations":[{"start":{"line":17,"column":2},"end":{"line":21,"column":3}},{"start":{},"end":{}}],"line":17},"3":{"loc":{"start":{"line":17,"column":6},"end":{"line":17,"column":61}},"type":"binary-expr","locations":[{"start":{"line":17,"column":6},"end":{"line":17,"column":22}},{"start":{"line":17,"column":26},"end":{"line":17,"column":61}}],"line":17},"4":{"loc":{"start":{"line":23,"column":2},"end":{"line":25,"column":3}},"type":"if","locations":[{"start":{"line":23,"column":2},"end":{"line":25,"column":3}},{"start":{},"end":{}}],"line":23},"5":{"loc":{"start":{"line":28,"column":4},"end":{"line":35,"column":5}},"type":"if","locations":[{"start":{"line":28,"column":4},"end":{"line":35,"column":5}},{"start":{},"end":{}}],"line":28},"6":{"loc":{"start":{"line":28,"column":8},"end":{"line":28,"column":39}},"type":"binary-expr","locations":[{"start":{"line":28,"column":8},"end":{"line":28,"column":21}},{"start":{"line":28,"column":25},"end":{"line":28,"column":39}}],"line":28},"7":{"loc":{"start":{"line":37,"column":4},"end":{"line":44,"column":5}},"type":"if","locations":[{"start":{"line":37,"column":4},"end":{"line":44,"column":5}},{"start":{},"end":{}}],"line":37},"8":{"loc":{"start":{"line":45,"column":4},"end":{"line":52,"column":5}},"type":"if","locations":[{"start":{"line":45,"column":4},"end":{"line":52,"column":5}},{"start":{},"end":{}}],"line":45},"9":{"loc":{"start":{"line":98,"column":4},"end":{"line":100,"column":5}},"type":"if","locations":[{"start":{"line":98,"column":4},"end":{"line":100,"column":5}},{"start":{},"end":{}}],"line":98},"10":{"loc":{"start":{"line":121,"column":2},"end":{"line":123,"column":3}},"type":"if","locations":[{"start":{"line":121,"column":2},"end":{"line":123,"column":3}},{"start":{},"end":{}}],"line":121},"11":{"loc":{"start":{"line":126,"column":2},"end":{"line":130,"column":3}},"type":"if","locations":[{"start":{"line":126,"column":2},"end":{"line":130,"column":3}},{"start":{},"end":{}}],"line":126},"12":{"loc":{"start":{"line":126,"column":6},"end":{"line":126,"column":72}},"type":"binary-expr","locations":[{"start":{"line":126,"column":6},"end":{"line":126,"column":43}},{"start":{"line":126,"column":47},"end":{"line":126,"column":72}}],"line":126},"13":{"loc":{"start":{"line":145,"column":2},"end":{"line":147,"column":3}},"type":"if","locations":[{"start":{"line":145,"column":2},"end":{"line":147,"column":3}},{"start":{},"end":{}}],"line":145},"14":{"loc":{"start":{"line":150,"column":2},"end":{"line":154,"column":3}},"type":"if","locations":[{"start":{"line":150,"column":2},"end":{"line":154,"column":3}},{"start":{},"end":{}}],"line":150},"15":{"loc":{"start":{"line":150,"column":6},"end":{"line":150,"column":72}},"type":"binary-expr","locations":[{"start":{"line":150,"column":6},"end":{"line":150,"column":43}},{"start":{"line":150,"column":47},"end":{"line":150,"column":72}}],"line":150},"16":{"loc":{"start":{"line":157,"column":2},"end":{"line":159,"column":3}},"type":"if","locations":[{"start":{"line":157,"column":2},"end":{"line":159,"column":3}},{"start":{},"end":{}}],"line":157}},"s":{"0":4,"1":8,"2":8,"3":0,"4":8,"5":0,"6":8,"7":0,"8":8,"9":8,"10":0,"11":8,"12":8,"13":1,"14":7,"15":1,"16":6,"17":6,"18":6,"19":6,"20":6,"21":6,"22":6,"23":6,"24":6,"25":6,"26":4,"27":3,"28":3,"29":3,"30":1,"31":2,"32":0,"33":4,"34":2,"35":1,"36":0,"37":1,"38":0,"39":1,"40":4,"41":3,"42":2,"43":0,"44":2,"45":1,"46":1,"47":0,"48":1,"49":1,"50":1,"51":1,"52":1,"53":1,"54":1},"f":{"0":8,"1":6,"2":3,"3":2,"4":3,"5":1},"b":{"0":[0,8],"1":[8,8,8],"2":[0,8],"3":[8,8],"4":[0,8],"5":[0,8],"6":[8,8],"7":[1,7],"8":[1,6],"9":[1,2],"10":[0,1],"11":[0,1],"12":[1,0],"13":[0,2],"14":[1,1],"15":[2,1],"16":[0,1]},"inputSourceMap":null,"_coverageSchema":"1a1c01bbd47fc00a2c39e90264f33305004495a9","hash":"4cbacc376cebafdd48bb09b9c0505e25eb0e32e9"}
,"/Users/dinesh/Documents/SideSpark/e-commerce-backend/controllers/productController.js": {"path":"/Users/dinesh/Documents/SideSpark/e-commerce-backend/controllers/productController.js","statementMap":{"0":{"start":{"line":8,"column":29},"end":{"line":94,"column":2}},"1":{"start":{"line":9,"column":23},"end":{"line":9,"column":31}},"2":{"start":{"line":12,"column":2},"end":{"line":19,"column":3}},"3":{"start":{"line":13,"column":4},"end":{"line":18,"column":6}},"4":{"start":{"line":22,"column":23},"end":{"line":22,"column":70}},"5":{"start":{"line":25,"column":17},"end":{"line":25,"column":19}},"6":{"start":{"line":26,"column":22},"end":{"line":26,"column":31}},"7":{"start":{"line":28,"column":2},"end":{"line":57,"column":3}},"8":{"start":{"line":28,"column":15},"end":{"line":28,"column":16}},"9":{"start":{"line":29,"column":20},"end":{"line":29,"column":35}},"10":{"start":{"line":32,"column":4},"end":{"line":37,"column":5}},"11":{"start":{"line":33,"column":6},"end":{"line":35,"column":8}},"12":{"start":{"line":36,"column":6},"end":{"line":36,"column":15}},"13":{"start":{"line":40,"column":4},"end":{"line":42,"column":5}},"14":{"start":{"line":41,"column":6},"end":{"line":41,"column":79}},"15":{"start":{"line":43,"column":4},"end":{"line":47,"column":5}},"16":{"start":{"line":44,"column":6},"end":{"line":46,"column":8}},"17":{"start":{"line":50,"column":4},"end":{"line":56,"column":5}},"18":{"start":{"line":51,"column":6},"end":{"line":53,"column":8}},"19":{"start":{"line":55,"column":6},"end":{"line":55,"column":36}},"20":{"start":{"line":60,"column":2},"end":{"line":64,"column":3}},"21":{"start":{"line":61,"column":4},"end":{"line":63,"column":6}},"22":{"start":{"line":67,"column":27},"end":{"line":69,"column":4}},"23":{"start":{"line":68,"column":41},"end":{"line":68,"column":47}},"24":{"start":{"line":71,"column":2},"end":{"line":79,"column":3}},"25":{"start":{"line":72,"column":27},"end":{"line":72,"column":73}},"26":{"start":{"line":72,"column":55},"end":{"line":72,"column":61}},"27":{"start":{"line":73,"column":4},"end":{"line":78,"column":6}},"28":{"start":{"line":82,"column":30},"end":{"line":85,"column":5}},"29":{"start":{"line":82,"column":61},"end":{"line":85,"column":3}},"30":{"start":{"line":87,"column":26},"end":{"line":87,"column":71}},"31":{"start":{"line":89,"column":2},"end":{"line":93,"column":5}},"32":{"start":{"line":99,"column":27},"end":{"line":145,"column":2}},"33":{"start":{"line":101,"column":19},"end":{"line":101,"column":39}},"34":{"start":{"line":134,"column":2},"end":{"line":144,"column":5}},"35":{"start":{"line":150,"column":30},"end":{"line":162,"column":2}},"36":{"start":{"line":151,"column":18},"end":{"line":151,"column":55}},"37":{"start":{"line":153,"column":2},"end":{"line":155,"column":3}},"38":{"start":{"line":154,"column":4},"end":{"line":154,"column":61}},"39":{"start":{"line":157,"column":2},"end":{"line":161,"column":5}},"40":{"start":{"line":167,"column":33},"end":{"line":202,"column":2}},"41":{"start":{"line":168,"column":16},"end":{"line":168,"column":53}},"42":{"start":{"line":170,"column":2},"end":{"line":172,"column":3}},"43":{"start":{"line":171,"column":4},"end":{"line":171,"column":61}},"44":{"start":{"line":175,"column":2},"end":{"line":177,"column":3}},"45":{"start":{"line":176,"column":4},"end":{"line":176,"column":68}},"46":{"start":{"line":179,"column":25},"end":{"line":186,"column":3}},"47":{"start":{"line":188,"column":2},"end":{"line":192,"column":5}},"48":{"start":{"line":207,"column":33},"end":{"line":224,"column":2}},"49":{"start":{"line":209,"column":18},"end":{"line":209,"column":55}},"50":{"start":{"line":212,"column":2},"end":{"line":214,"column":3}},"51":{"start":{"line":213,"column":4},"end":{"line":213,"column":61}},"52":{"start":{"line":217,"column":2},"end":{"line":217,"column":50}},"53":{"start":{"line":220,"column":2},"end":{"line":223,"column":5}},"54":{"start":{"line":229,"column":32},"end":{"line":297,"column":1}},"55":{"start":{"line":230,"column":2},"end":{"line":296,"column":3}},"56":{"start":{"line":231,"column":31},"end":{"line":231,"column":39}},"57":{"start":{"line":234,"column":4},"end":{"line":238,"column":5}},"58":{"start":{"line":235,"column":6},"end":{"line":237,"column":8}},"59":{"start":{"line":241,"column":4},"end":{"line":245,"column":5}},"60":{"start":{"line":242,"column":6},"end":{"line":244,"column":8}},"61":{"start":{"line":248,"column":20},"end":{"line":248,"column":57}},"62":{"start":{"line":251,"column":4},"end":{"line":255,"column":5}},"63":{"start":{"line":252,"column":6},"end":{"line":254,"column":8}},"64":{"start":{"line":258,"column":25},"end":{"line":260,"column":5}},"65":{"start":{"line":259,"column":13},"end":{"line":259,"column":46}},"66":{"start":{"line":262,"column":4},"end":{"line":266,"column":5}},"67":{"start":{"line":263,"column":6},"end":{"line":265,"column":8}},"68":{"start":{"line":269,"column":4},"end":{"line":273,"column":7}},"69":{"start":{"line":276,"column":25},"end":{"line":279,"column":5}},"70":{"start":{"line":277,"column":21},"end":{"line":277,"column":38}},"71":{"start":{"line":280,"column":4},"end":{"line":280,"column":66}},"72":{"start":{"line":283,"column":4},"end":{"line":283,"column":25}},"73":{"start":{"line":285,"column":4},"end":{"line":293,"column":7}},"74":{"start":{"line":295,"column":4},"end":{"line":295,"column":16}}},"fnMap":{"0":{"name":"(anonymous_0)","decl":{"start":{"line":8,"column":42},"end":{"line":8,"column":43}},"loc":{"start":{"line":8,"column":68},"end":{"line":94,"column":1}},"line":8},"1":{"name":"(anonymous_1)","decl":{"start":{"line":68,"column":34},"end":{"line":68,"column":35}},"loc":{"start":{"line":68,"column":41},"end":{"line":68,"column":47}},"line":68},"2":{"name":"(anonymous_2)","decl":{"start":{"line":72,"column":48},"end":{"line":72,"column":49}},"loc":{"start":{"line":72,"column":55},"end":{"line":72,"column":61}},"line":72},"3":{"name":"(anonymous_3)","decl":{"start":{"line":82,"column":47},"end":{"line":82,"column":48}},"loc":{"start":{"line":82,"column":61},"end":{"line":85,"column":3}},"line":82},"4":{"name":"(anonymous_4)","decl":{"start":{"line":99,"column":40},"end":{"line":99,"column":41}},"loc":{"start":{"line":99,"column":66},"end":{"line":145,"column":1}},"line":99},"5":{"name":"(anonymous_5)","decl":{"start":{"line":150,"column":43},"end":{"line":150,"column":44}},"loc":{"start":{"line":150,"column":69},"end":{"line":162,"column":1}},"line":150},"6":{"name":"(anonymous_6)","decl":{"start":{"line":167,"column":46},"end":{"line":167,"column":47}},"loc":{"start":{"line":167,"column":72},"end":{"line":202,"column":1}},"line":167},"7":{"name":"(anonymous_7)","decl":{"start":{"line":207,"column":46},"end":{"line":207,"column":47}},"loc":{"start":{"line":207,"column":72},"end":{"line":224,"column":1}},"line":207},"8":{"name":"(anonymous_8)","decl":{"start":{"line":229,"column":32},"end":{"line":229,"column":33}},"loc":{"start":{"line":229,"column":58},"end":{"line":297,"column":1}},"line":229},"9":{"name":"(anonymous_9)","decl":{"start":{"line":259,"column":6},"end":{"line":259,"column":7}},"loc":{"start":{"line":259,"column":13},"end":{"line":259,"column":46}},"line":259},"10":{"name":"(anonymous_10)","decl":{"start":{"line":277,"column":6},"end":{"line":277,"column":7}},"loc":{"start":{"line":277,"column":21},"end":{"line":277,"column":38}},"line":277}},"branchMap":{"0":{"loc":{"start":{"line":12,"column":2},"end":{"line":19,"column":3}},"type":"if","locations":[{"start":{"line":12,"column":2},"end":{"line":19,"column":3}},{"start":{},"end":{}}],"line":12},"1":{"loc":{"start":{"line":12,"column":6},"end":{"line":12,"column":77}},"type":"binary-expr","locations":[{"start":{"line":12,"column":6},"end":{"line":12,"column":15}},{"start":{"line":12,"column":20},"end":{"line":12,"column":44}},{"start":{"line":12,"column":48},"end":{"line":12,"column":76}}],"line":12},"2":{"loc":{"start":{"line":22,"column":23},"end":{"line":22,"column":70}},"type":"cond-expr","locations":[{"start":{"line":22,"column":49},"end":{"line":22,"column":57}},{"start":{"line":22,"column":60},"end":{"line":22,"column":70}}],"line":22},"3":{"loc":{"start":{"line":32,"column":4},"end":{"line":37,"column":5}},"type":"if","locations":[{"start":{"line":32,"column":4},"end":{"line":37,"column":5}},{"start":{},"end":{}}],"line":32},"4":{"loc":{"start":{"line":32,"column":8},"end":{"line":32,"column":57}},"type":"binary-expr","locations":[{"start":{"line":32,"column":8},"end":{"line":32,"column":21}},{"start":{"line":32,"column":25},"end":{"line":32,"column":39}},{"start":{"line":32,"column":43},"end":{"line":32,"column":57}}],"line":32},"5":{"loc":{"start":{"line":40,"column":4},"end":{"line":42,"column":5}},"type":"if","locations":[{"start":{"line":40,"column":4},"end":{"line":42,"column":5}},{"start":{},"end":{}}],"line":40},"6":{"loc":{"start":{"line":43,"column":4},"end":{"line":47,"column":5}},"type":"if","locations":[{"start":{"line":43,"column":4},"end":{"line":47,"column":5}},{"start":{},"end":{}}],"line":43},"7":{"loc":{"start":{"line":50,"column":4},"end":{"line":56,"column":5}},"type":"if","locations":[{"start":{"line":50,"column":4},"end":{"line":56,"column":5}},{"start":{"line":54,"column":11},"end":{"line":56,"column":5}}],"line":50},"8":{"loc":{"start":{"line":60,"column":2},"end":{"line":64,"column":3}},"type":"if","locations":[{"start":{"line":60,"column":2},"end":{"line":64,"column":3}},{"start":{},"end":{}}],"line":60},"9":{"loc":{"start":{"line":71,"column":2},"end":{"line":79,"column":3}},"type":"if","locations":[{"start":{"line":71,"column":2},"end":{"line":79,"column":3}},{"start":{},"end":{}}],"line":71},"10":{"loc":{"start":{"line":153,"column":2},"end":{"line":155,"column":3}},"type":"if","locations":[{"start":{"line":153,"column":2},"end":{"line":155,"column":3}},{"start":{},"end":{}}],"line":153},"11":{"loc":{"start":{"line":170,"column":2},"end":{"line":172,"column":3}},"type":"if","locations":[{"start":{"line":170,"column":2},"end":{"line":172,"column":3}},{"start":{},"end":{}}],"line":170},"12":{"loc":{"start":{"line":175,"column":2},"end":{"line":177,"column":3}},"type":"if","locations":[{"start":{"line":175,"column":2},"end":{"line":177,"column":3}},{"start":{},"end":{}}],"line":175},"13":{"loc":{"start":{"line":175,"column":6},"end":{"line":175,"column":56}},"type":"binary-expr","locations":[{"start":{"line":175,"column":6},"end":{"line":175,"column":34}},{"start":{"line":175,"column":38},"end":{"line":175,"column":56}}],"line":175},"14":{"loc":{"start":{"line":212,"column":2},"end":{"line":214,"column":3}},"type":"if","locations":[{"start":{"line":212,"column":2},"end":{"line":214,"column":3}},{"start":{},"end":{}}],"line":212},"15":{"loc":{"start":{"line":234,"column":4},"end":{"line":238,"column":5}},"type":"if","locations":[{"start":{"line":234,"column":4},"end":{"line":238,"column":5}},{"start":{},"end":{}}],"line":234},"16":{"loc":{"start":{"line":234,"column":8},"end":{"line":234,"column":43}},"type":"binary-expr","locations":[{"start":{"line":234,"column":8},"end":{"line":234,"column":15}},{"start":{"line":234,"column":19},"end":{"line":234,"column":29}},{"start":{"line":234,"column":33},"end":{"line":234,"column":43}}],"line":234},"17":{"loc":{"start":{"line":241,"column":4},"end":{"line":245,"column":5}},"type":"if","locations":[{"start":{"line":241,"column":4},"end":{"line":245,"column":5}},{"start":{},"end":{}}],"line":241},"18":{"loc":{"start":{"line":241,"column":8},"end":{"line":241,"column":42}},"type":"binary-expr","locations":[{"start":{"line":241,"column":8},"end":{"line":241,"column":14}},{"start":{"line":241,"column":18},"end":{"line":241,"column":42}}],"line":241},"19":{"loc":{"start":{"line":251,"column":4},"end":{"line":255,"column":5}},"type":"if","locations":[{"start":{"line":251,"column":4},"end":{"line":255,"column":5}},{"start":{},"end":{}}],"line":251},"20":{"loc":{"start":{"line":262,"column":4},"end":{"line":266,"column":5}},"type":"if","locations":[{"start":{"line":262,"column":4},"end":{"line":266,"column":5}},{"start":{},"end":{}}],"line":262}},"s":{"0":4,"1":5,"2":5,"3":2,"4":3,"5":3,"6":3,"7":3,"8":3,"9":4,"10":4,"11":0,"12":0,"13":4,"14":0,"15":4,"16":0,"17":4,"18":0,"19":4,"20":3,"21":0,"22":3,"23":4,"24":3,"25":0,"26":0,"27":0,"28":3,"29":4,"30":3,"31":3,"32":4,"33":2,"34":2,"35":4,"36":0,"37":0,"38":0,"39":0,"40":4,"41":1,"42":1,"43":0,"44":1,"45":0,"46":1,"47":1,"48":4,"49":2,"50":2,"51":1,"52":1,"53":1,"54":4,"55":0,"56":0,"57":0,"58":0,"59":0,"60":0,"61":0,"62":0,"63":0,"64":0,"65":0,"66":0,"67":0,"68":0,"69":0,"70":0,"71":0,"72":0,"73":0,"74":0},"f":{"0":5,"1":4,"2":0,"3":4,"4":2,"5":0,"6":1,"7":2,"8":0,"9":0,"10":0},"b":{"0":[2,3],"1":[5,3,0],"2":[3,0],"3":[0,4],"4":[4,4,4],"5":[0,4],"6":[0,4],"7":[0,4],"8":[0,3],"9":[0,3],"10":[0,0],"11":[0,1],"12":[0,1],"13":[1,1],"14":[1,1],"15":[0,0],"16":[0,0,0],"17":[0,0],"18":[0,0],"19":[0,0],"20":[0,0]},"inputSourceMap":null,"_coverageSchema":"1a1c01bbd47fc00a2c39e90264f33305004495a9","hash":"9fd759bf68e38be7dca0ed8bf2ee3be869a29e7d"}
,"/Users/dinesh/Documents/SideSpark/e-commerce-backend/controllers/userController.js": {"path":"/Users/dinesh/Documents/SideSpark/e-commerce-backend/controllers/userController.js","statementMap":{"0":{"start":{"line":9,"column":33},"end":{"line":56,"column":2}},"1":{"start":{"line":10,"column":17},"end":{"line":10,"column":30}},"2":{"start":{"line":13,"column":26},"end":{"line":13,"column":47}},"3":{"start":{"line":14,"column":18},"end":{"line":14,"column":39}},"4":{"start":{"line":15,"column":29},"end":{"line":17,"column":3}},"5":{"start":{"line":16,"column":4},"end":{"line":16,"column":36}},"6":{"start":{"line":20,"column":24},"end":{"line":20,"column":40}},"7":{"start":{"line":21,"column":24},"end":{"line":23,"column":3}},"8":{"start":{"line":22,"column":16},"end":{"line":22,"column":47}},"9":{"start":{"line":25,"column":2},"end":{"line":29,"column":3}},"10":{"start":{"line":26,"column":4},"end":{"line":28,"column":6}},"11":{"start":{"line":31,"column":2},"end":{"line":33,"column":3}},"12":{"start":{"line":32,"column":4},"end":{"line":32,"column":74}},"13":{"start":{"line":36,"column":15},"end":{"line":45,"column":3}},"14":{"start":{"line":47,"column":2},"end":{"line":49,"column":3}},"15":{"start":{"line":48,"column":4},"end":{"line":48,"column":58}},"16":{"start":{"line":51,"column":2},"end":{"line":55,"column":5}},"17":{"start":{"line":62,"column":24},"end":{"line":69,"column":2}},"18":{"start":{"line":63,"column":16},"end":{"line":63,"column":33}},"19":{"start":{"line":64,"column":2},"end":{"line":68,"column":5}},"20":{"start":{"line":75,"column":27},"end":{"line":93,"column":1}},"21":{"start":{"line":76,"column":2},"end":{"line":92,"column":3}},"22":{"start":{"line":77,"column":17},"end":{"line":77,"column":71}},"23":{"start":{"line":79,"column":4},"end":{"line":83,"column":5}},"24":{"start":{"line":80,"column":6},"end":{"line":82,"column":8}},"25":{"start":{"line":85,"column":4},"end":{"line":89,"column":7}},"26":{"start":{"line":91,"column":4},"end":{"line":91,"column":16}},"27":{"start":{"line":99,"column":26},"end":{"line":140,"column":2}},"28":{"start":{"line":100,"column":59},"end":{"line":100,"column":67}},"29":{"start":{"line":103,"column":2},"end":{"line":107,"column":3}},"30":{"start":{"line":104,"column":4},"end":{"line":106,"column":6}},"31":{"start":{"line":109,"column":19},"end":{"line":109,"column":33}},"32":{"start":{"line":112,"column":2},"end":{"line":114,"column":3}},"33":{"start":{"line":113,"column":4},"end":{"line":113,"column":66}},"34":{"start":{"line":117,"column":23},"end":{"line":117,"column":52}},"35":{"start":{"line":118,"column":2},"end":{"line":120,"column":3}},"36":{"start":{"line":119,"column":4},"end":{"line":119,"column":64}},"37":{"start":{"line":123,"column":15},"end":{"line":128,"column":4}},"38":{"start":{"line":130,"column":2},"end":{"line":139,"column":5}},"39":{"start":{"line":145,"column":30},"end":{"line":166,"column":2}},"40":{"start":{"line":146,"column":15},"end":{"line":146,"column":67}},"41":{"start":{"line":149,"column":18},"end":{"line":149,"column":68}},"42":{"start":{"line":150,"column":2},"end":{"line":152,"column":3}},"43":{"start":{"line":151,"column":4},"end":{"line":151,"column":73}},"44":{"start":{"line":155,"column":2},"end":{"line":157,"column":3}},"45":{"start":{"line":156,"column":4},"end":{"line":156,"column":66}},"46":{"start":{"line":159,"column":2},"end":{"line":159,"column":39}},"47":{"start":{"line":160,"column":2},"end":{"line":160,"column":20}},"48":{"start":{"line":162,"column":2},"end":{"line":165,"column":5}},"49":{"start":{"line":171,"column":32},"end":{"line":190,"column":2}},"50":{"start":{"line":172,"column":15},"end":{"line":172,"column":49}},"51":{"start":{"line":174,"column":2},"end":{"line":176,"column":3}},"52":{"start":{"line":175,"column":4},"end":{"line":175,"column":58}},"53":{"start":{"line":179,"column":2},"end":{"line":181,"column":3}},"54":{"start":{"line":180,"column":4},"end":{"line":180,"column":78}},"55":{"start":{"line":183,"column":2},"end":{"line":183,"column":32}},"56":{"start":{"line":184,"column":2},"end":{"line":184,"column":20}},"57":{"start":{"line":186,"column":2},"end":{"line":189,"column":5}}},"fnMap":{"0":{"name":"(anonymous_0)","decl":{"start":{"line":9,"column":46},"end":{"line":9,"column":47}},"loc":{"start":{"line":9,"column":72},"end":{"line":56,"column":1}},"line":9},"1":{"name":"(anonymous_1)","decl":{"start":{"line":15,"column":42},"end":{"line":15,"column":43}},"loc":{"start":{"line":16,"column":4},"end":{"line":16,"column":36}},"line":16},"2":{"name":"(anonymous_2)","decl":{"start":{"line":22,"column":4},"end":{"line":22,"column":5}},"loc":{"start":{"line":22,"column":16},"end":{"line":22,"column":47}},"line":22},"3":{"name":"(anonymous_3)","decl":{"start":{"line":62,"column":37},"end":{"line":62,"column":38}},"loc":{"start":{"line":62,"column":63},"end":{"line":69,"column":1}},"line":62},"4":{"name":"(anonymous_4)","decl":{"start":{"line":75,"column":27},"end":{"line":75,"column":28}},"loc":{"start":{"line":75,"column":53},"end":{"line":93,"column":1}},"line":75},"5":{"name":"(anonymous_5)","decl":{"start":{"line":99,"column":39},"end":{"line":99,"column":40}},"loc":{"start":{"line":99,"column":65},"end":{"line":140,"column":1}},"line":99},"6":{"name":"(anonymous_6)","decl":{"start":{"line":145,"column":43},"end":{"line":145,"column":44}},"loc":{"start":{"line":145,"column":69},"end":{"line":166,"column":1}},"line":145},"7":{"name":"(anonymous_7)","decl":{"start":{"line":171,"column":45},"end":{"line":171,"column":46}},"loc":{"start":{"line":171,"column":71},"end":{"line":190,"column":1}},"line":171}},"branchMap":{"0":{"loc":{"start":{"line":25,"column":2},"end":{"line":29,"column":3}},"type":"if","locations":[{"start":{"line":25,"column":2},"end":{"line":29,"column":3}},{"start":{},"end":{}}],"line":25},"1":{"loc":{"start":{"line":31,"column":2},"end":{"line":33,"column":3}},"type":"if","locations":[{"start":{"line":31,"column":2},"end":{"line":33,"column":3}},{"start":{},"end":{}}],"line":31},"2":{"loc":{"start":{"line":47,"column":2},"end":{"line":49,"column":3}},"type":"if","locations":[{"start":{"line":47,"column":2},"end":{"line":49,"column":3}},{"start":{},"end":{}}],"line":47},"3":{"loc":{"start":{"line":79,"column":4},"end":{"line":83,"column":5}},"type":"if","locations":[{"start":{"line":79,"column":4},"end":{"line":83,"column":5}},{"start":{},"end":{}}],"line":79},"4":{"loc":{"start":{"line":103,"column":2},"end":{"line":107,"column":3}},"type":"if","locations":[{"start":{"line":103,"column":2},"end":{"line":107,"column":3}},{"start":{},"end":{}}],"line":103},"5":{"loc":{"start":{"line":103,"column":6},"end":{"line":103,"column":49}},"type":"binary-expr","locations":[{"start":{"line":103,"column":6},"end":{"line":103,"column":10}},{"start":{"line":103,"column":14},"end":{"line":103,"column":29}},{"start":{"line":103,"column":33},"end":{"line":103,"column":49}}],"line":103},"6":{"loc":{"start":{"line":109,"column":19},"end":{"line":109,"column":33}},"type":"binary-expr","locations":[{"start":{"line":109,"column":19},"end":{"line":109,"column":23}},{"start":{"line":109,"column":27},"end":{"line":109,"column":33}}],"line":109},"7":{"loc":{"start":{"line":112,"column":2},"end":{"line":114,"column":3}},"type":"if","locations":[{"start":{"line":112,"column":2},"end":{"line":114,"column":3}},{"start":{},"end":{}}],"line":112},"8":{"loc":{"start":{"line":118,"column":2},"end":{"line":120,"column":3}},"type":"if","locations":[{"start":{"line":118,"column":2},"end":{"line":120,"column":3}},{"start":{},"end":{}}],"line":118},"9":{"loc":{"start":{"line":150,"column":2},"end":{"line":152,"column":3}},"type":"if","locations":[{"start":{"line":150,"column":2},"end":{"line":152,"column":3}},{"start":{},"end":{}}],"line":150},"10":{"loc":{"start":{"line":155,"column":2},"end":{"line":157,"column":3}},"type":"if","locations":[{"start":{"line":155,"column":2},"end":{"line":157,"column":3}},{"start":{},"end":{}}],"line":155},"11":{"loc":{"start":{"line":174,"column":2},"end":{"line":176,"column":3}},"type":"if","locations":[{"start":{"line":174,"column":2},"end":{"line":176,"column":3}},{"start":{},"end":{}}],"line":174},"12":{"loc":{"start":{"line":179,"column":2},"end":{"line":181,"column":3}},"type":"if","locations":[{"start":{"line":179,"column":2},"end":{"line":181,"column":3}},{"start":{},"end":{}}],"line":179}},"s":{"0":4,"1":4,"2":4,"3":4,"4":4,"5":4,"6":4,"7":4,"8":4,"9":4,"10":1,"11":3,"12":0,"13":3,"14":3,"15":1,"16":2,"17":4,"18":1,"19":1,"20":4,"21":2,"22":2,"23":2,"24":1,"25":1,"26":0,"27":4,"28":0,"29":0,"30":0,"31":0,"32":0,"33":0,"34":0,"35":0,"36":0,"37":0,"38":0,"39":4,"40":0,"41":0,"42":0,"43":0,"44":0,"45":0,"46":0,"47":0,"48":0,"49":4,"50":0,"51":0,"52":0,"53":0,"54":0,"55":0,"56":0,"57":0},"f":{"0":4,"1":4,"2":4,"3":1,"4":2,"5":0,"6":0,"7":0},"b":{"0":[1,3],"1":[0,3],"2":[1,2],"3":[1,1],"4":[0,0],"5":[0,0,0],"6":[0,0],"7":[0,0],"8":[0,0],"9":[0,0],"10":[0,0],"11":[0,0],"12":[0,0]},"inputSourceMap":null,"_coverageSchema":"1a1c01bbd47fc00a2c39e90264f33305004495a9","hash":"d715003091367ff095aa0988c1f43939149770ff"}
,"/Users/dinesh/Documents/SideSpark/e-commerce-backend/middleware/async.js": {"path":"/Users/dinesh/Documents/SideSpark/e-commerce-backend/middleware/async.js","statementMap":{"0":{"start":{"line":1,"column":21},"end":{"line":2,"column":49}},"1":{"start":{"line":1,"column":29},"end":{"line":2,"column":49}},"2":{"start":{"line":2,"column":2},"end":{"line":2,"column":49}}},"fnMap":{"0":{"name":"(anonymous_0)","decl":{"start":{"line":1,"column":21},"end":{"line":1,"column":22}},"loc":{"start":{"line":1,"column":29},"end":{"line":2,"column":49}},"line":1},"1":{"name":"(anonymous_1)","decl":{"start":{"line":1,"column":29},"end":{"line":1,"column":30}},"loc":{"start":{"line":2,"column":2},"end":{"line":2,"column":49}},"line":2}},"branchMap":{},"s":{"0":4,"1":88,"2":80},"f":{"0":88,"1":80},"b":{},"inputSourceMap":null,"_coverageSchema":"1a1c01bbd47fc00a2c39e90264f33305004495a9","hash":"a28d16334bdd33dfb9d5901445c08d31203ad7a2"}
,"/Users/dinesh/Documents/SideSpark/e-commerce-backend/middleware/auth.js": {"path":"/Users/dinesh/Documents/SideSpark/e-commerce-backend/middleware/auth.js","statementMap":{"0":{"start":{"line":8,"column":23},"end":{"line":54,"column":2}},"1":{"start":{"line":10,"column":16},"end":{"line":10,"column":56}},"2":{"start":{"line":13,"column":2},"end":{"line":20,"column":3}},"3":{"start":{"line":14,"column":4},"end":{"line":19,"column":6}},"4":{"start":{"line":23,"column":2},"end":{"line":30,"column":3}},"5":{"start":{"line":24,"column":4},"end":{"line":29,"column":6}},"6":{"start":{"line":32,"column":2},"end":{"line":53,"column":3}},"7":{"start":{"line":34,"column":20},"end":{"line":34,"column":61}},"8":{"start":{"line":37,"column":4},"end":{"line":37,"column":47}},"9":{"start":{"line":39,"column":4},"end":{"line":43,"column":5}},"10":{"start":{"line":40,"column":6},"end":{"line":42,"column":8}},"11":{"start":{"line":45,"column":4},"end":{"line":45,"column":11}},"12":{"start":{"line":47,"column":4},"end":{"line":52,"column":6}},"13":{"start":{"line":62,"column":25},"end":{"line":75,"column":1}},"14":{"start":{"line":63,"column":2},"end":{"line":74,"column":4}},"15":{"start":{"line":65,"column":4},"end":{"line":72,"column":5}},"16":{"start":{"line":66,"column":6},"end":{"line":71,"column":8}},"17":{"start":{"line":73,"column":4},"end":{"line":73,"column":11}}},"fnMap":{"0":{"name":"(anonymous_0)","decl":{"start":{"line":8,"column":36},"end":{"line":8,"column":37}},"loc":{"start":{"line":8,"column":62},"end":{"line":54,"column":1}},"line":8},"1":{"name":"(anonymous_1)","decl":{"start":{"line":62,"column":25},"end":{"line":62,"column":26}},"loc":{"start":{"line":62,"column":39},"end":{"line":75,"column":1}},"line":62},"2":{"name":"(anonymous_2)","decl":{"start":{"line":63,"column":9},"end":{"line":63,"column":10}},"loc":{"start":{"line":63,"column":29},"end":{"line":74,"column":3}},"line":63}},"branchMap":{"0":{"loc":{"start":{"line":13,"column":2},"end":{"line":20,"column":3}},"type":"if","locations":[{"start":{"line":13,"column":2},"end":{"line":20,"column":3}},{"start":{},"end":{}}],"line":13},"1":{"loc":{"start":{"line":23,"column":2},"end":{"line":30,"column":3}},"type":"if","locations":[{"start":{"line":23,"column":2},"end":{"line":30,"column":3}},{"start":{},"end":{}}],"line":23},"2":{"loc":{"start":{"line":39,"column":4},"end":{"line":43,"column":5}},"type":"if","locations":[{"start":{"line":39,"column":4},"end":{"line":43,"column":5}},{"start":{},"end":{}}],"line":39},"3":{"loc":{"start":{"line":65,"column":4},"end":{"line":72,"column":5}},"type":"if","locations":[{"start":{"line":65,"column":4},"end":{"line":72,"column":5}},{"start":{},"end":{}}],"line":65}},"s":{"0":4,"1":33,"2":33,"3":0,"4":33,"5":0,"6":33,"7":33,"8":33,"9":33,"10":0,"11":33,"12":0,"13":4,"14":12,"15":11,"16":3,"17":8},"f":{"0":33,"1":12,"2":11},"b":{"0":[0,33],"1":[0,33],"2":[0,33],"3":[3,8]},"inputSourceMap":null,"_coverageSchema":"1a1c01bbd47fc00a2c39e90264f33305004495a9","hash":"1f5e47b422b5de59560e85a50a421837d8b0c217"}
,"/Users/dinesh/Documents/SideSpark/e-commerce-backend/middleware/error.js": {"path":"/Users/dinesh/Documents/SideSpark/e-commerce-backend/middleware/error.js","statementMap":{"0":{"start":{"line":3,"column":21},"end":{"line":34,"column":1}},"1":{"start":{"line":4,"column":14},"end":{"line":4,"column":24}},"2":{"start":{"line":5,"column":2},"end":{"line":5,"column":30}},"3":{"start":{"line":8,"column":2},"end":{"line":10,"column":3}},"4":{"start":{"line":9,"column":4},"end":{"line":9,"column":23}},"5":{"start":{"line":13,"column":2},"end":{"line":16,"column":3}},"6":{"start":{"line":14,"column":20},"end":{"line":14,"column":64}},"7":{"start":{"line":15,"column":4},"end":{"line":15,"column":44}},"8":{"start":{"line":19,"column":2},"end":{"line":22,"column":3}},"9":{"start":{"line":20,"column":20},"end":{"line":20,"column":51}},"10":{"start":{"line":21,"column":4},"end":{"line":21,"column":44}},"11":{"start":{"line":25,"column":2},"end":{"line":28,"column":3}},"12":{"start":{"line":26,"column":20},"end":{"line":26,"column":71}},"13":{"start":{"line":26,"column":59},"end":{"line":26,"column":70}},"14":{"start":{"line":27,"column":4},"end":{"line":27,"column":44}},"15":{"start":{"line":30,"column":2},"end":{"line":33,"column":5}}},"fnMap":{"0":{"name":"(anonymous_0)","decl":{"start":{"line":3,"column":21},"end":{"line":3,"column":22}},"loc":{"start":{"line":3,"column":46},"end":{"line":34,"column":1}},"line":3},"1":{"name":"(anonymous_1)","decl":{"start":{"line":26,"column":50},"end":{"line":26,"column":51}},"loc":{"start":{"line":26,"column":59},"end":{"line":26,"column":70}},"line":26}},"branchMap":{"0":{"loc":{"start":{"line":8,"column":2},"end":{"line":10,"column":3}},"type":"if","locations":[{"start":{"line":8,"column":2},"end":{"line":10,"column":3}},{"start":{},"end":{}}],"line":8},"1":{"loc":{"start":{"line":13,"column":2},"end":{"line":16,"column":3}},"type":"if","locations":[{"start":{"line":13,"column":2},"end":{"line":16,"column":3}},{"start":{},"end":{}}],"line":13},"2":{"loc":{"start":{"line":19,"column":2},"end":{"line":22,"column":3}},"type":"if","locations":[{"start":{"line":19,"column":2},"end":{"line":22,"column":3}},{"start":{},"end":{}}],"line":19},"3":{"loc":{"start":{"line":25,"column":2},"end":{"line":28,"column":3}},"type":"if","locations":[{"start":{"line":25,"column":2},"end":{"line":28,"column":3}},{"start":{},"end":{}}],"line":25},"4":{"loc":{"start":{"line":30,"column":13},"end":{"line":30,"column":36}},"type":"binary-expr","locations":[{"start":{"line":30,"column":13},"end":{"line":30,"column":29}},{"start":{"line":30,"column":33},"end":{"line":30,"column":36}}],"line":30},"5":{"loc":{"start":{"line":32,"column":11},"end":{"line":32,"column":42}},"type":"binary-expr","locations":[{"start":{"line":32,"column":11},"end":{"line":32,"column":24}},{"start":{"line":32,"column":28},"end":{"line":32,"column":42}}],"line":32}},"s":{"0":4,"1":21,"2":21,"3":21,"4":0,"5":21,"6":2,"7":2,"8":21,"9":0,"10":0,"11":21,"12":0,"13":0,"14":0,"15":21},"f":{"0":21,"1":0},"b":{"0":[0,21],"1":[2,19],"2":[0,21],"3":[0,21],"4":[21,0],"5":[21,0]},"inputSourceMap":null,"_coverageSchema":"1a1c01bbd47fc00a2c39e90264f33305004495a9","hash":"aa5dcae14ddb8ecab04b8070387f3cd59a95cedd"}
,"/Users/dinesh/Documents/SideSpark/e-commerce-backend/middleware/security.js": {"path":"/Users/dinesh/Documents/SideSpark/e-commerce-backend/middleware/security.js","statementMap":{"0":{"start":{"line":6,"column":16},"end":{"line":10,"column":2}},"1":{"start":{"line":12,"column":27},"end":{"line":27,"column":1}},"2":{"start":{"line":14,"column":2},"end":{"line":14,"column":20}},"3":{"start":{"line":17,"column":2},"end":{"line":17,"column":17}},"4":{"start":{"line":20,"column":2},"end":{"line":20,"column":17}},"5":{"start":{"line":23,"column":2},"end":{"line":23,"column":18}},"6":{"start":{"line":26,"column":2},"end":{"line":26,"column":27}}},"fnMap":{"0":{"name":"(anonymous_0)","decl":{"start":{"line":12,"column":27},"end":{"line":12,"column":28}},"loc":{"start":{"line":12,"column":36},"end":{"line":27,"column":1}},"line":12}},"branchMap":{},"s":{"0":4,"1":4,"2":4,"3":4,"4":4,"5":4,"6":4},"f":{"0":4},"b":{},"inputSourceMap":null,"_coverageSchema":"1a1c01bbd47fc00a2c39e90264f33305004495a9","hash":"0a794b413fd6e9c98082245e223f9a9be8250136"}
,"/Users/dinesh/Documents/SideSpark/e-commerce-backend/middleware/validateRequest.js": {"path":"/Users/dinesh/Documents/SideSpark/e-commerce-backend/middleware/validateRequest.js","statementMap":{"0":{"start":{"line":4,"column":31},"end":{"line":12,"column":1}},"1":{"start":{"line":5,"column":17},"end":{"line":5,"column":38}},"2":{"start":{"line":7,"column":2},"end":{"line":9,"column":3}},"3":{"start":{"line":8,"column":4},"end":{"line":8,"column":63}},"4":{"start":{"line":11,"column":2},"end":{"line":11,"column":9}}},"fnMap":{"0":{"name":"(anonymous_0)","decl":{"start":{"line":4,"column":31},"end":{"line":4,"column":32}},"loc":{"start":{"line":4,"column":51},"end":{"line":12,"column":1}},"line":4}},"branchMap":{"0":{"loc":{"start":{"line":7,"column":2},"end":{"line":9,"column":3}},"type":"if","locations":[{"start":{"line":7,"column":2},"end":{"line":9,"column":3}},{"start":{},"end":{}}],"line":7}},"s":{"0":4,"1":12,"2":12,"3":1,"4":11},"f":{"0":12},"b":{"0":[1,11]},"inputSourceMap":null,"_coverageSchema":"1a1c01bbd47fc00a2c39e90264f33305004495a9","hash":"ead5f997ad0c4ad66cd435e8280ec23593b3660d"}
,"/Users/dinesh/Documents/SideSpark/e-commerce-backend/models/index.js": {"path":"/Users/dinesh/Documents/SideSpark/e-commerce-backend/models/index.js","statementMap":{"0":{"start":{"line":4,"column":17},"end":{"line":10,"column":1}},"1":{"start":{"line":5,"column":2},"end":{"line":9,"column":3}},"2":{"start":{"line":6,"column":4},"end":{"line":6,"column":32}},"3":{"start":{"line":8,"column":4},"end":{"line":8,"column":40}},"4":{"start":{"line":18,"column":13},"end":{"line":18,"column":41}},"5":{"start":{"line":19,"column":16},"end":{"line":19,"column":50}},"6":{"start":{"line":20,"column":14},"end":{"line":20,"column":44}}},"fnMap":{"0":{"name":"(anonymous_0)","decl":{"start":{"line":4,"column":17},"end":{"line":4,"column":18}},"loc":{"start":{"line":4,"column":35},"end":{"line":10,"column":1}},"line":4}},"branchMap":{},"s":{"0":4,"1":12,"2":12,"3":8,"4":4,"5":4,"6":4},"f":{"0":12},"b":{},"inputSourceMap":null,"_coverageSchema":"1a1c01bbd47fc00a2c39e90264f33305004495a9","hash":"6a0ffd1266a96d4d5a48f36da14c1187de3a472d"}
,"/Users/dinesh/Documents/SideSpark/e-commerce-backend/models/schemas/orderSchema.js": {"path":"/Users/dinesh/Documents/SideSpark/e-commerce-backend/models/schemas/orderSchema.js","statementMap":{"0":{"start":{"line":3,"column":20},"end":{"line":70,"column":1}}},"fnMap":{},"branchMap":{},"s":{"0":4},"f":{},"b":{},"inputSourceMap":null,"_coverageSchema":"1a1c01bbd47fc00a2c39e90264f33305004495a9","hash":"e30234c785a49ee388ec01044cd6f22ba29fcf2d"}
,"/Users/dinesh/Documents/SideSpark/e-commerce-backend/models/schemas/productSchema.js": {"path":"/Users/dinesh/Documents/SideSpark/e-commerce-backend/models/schemas/productSchema.js","statementMap":{"0":{"start":{"line":3,"column":22},"end":{"line":52,"column":1}},"1":{"start":{"line":55,"column":0},"end":{"line":55,"column":59}}},"fnMap":{},"branchMap":{},"s":{"0":4,"1":4},"f":{},"b":{},"inputSourceMap":null,"_coverageSchema":"1a1c01bbd47fc00a2c39e90264f33305004495a9","hash":"41d837c8773b3ce071d0e7bb065a977c906f847f"}
,"/Users/dinesh/Documents/SideSpark/e-commerce-backend/models/schemas/userSchema.js": {"path":"/Users/dinesh/Documents/SideSpark/e-commerce-backend/models/schemas/userSchema.js","statementMap":{"0":{"start":{"line":6,"column":19},"end":{"line":44,"column":1}},"1":{"start":{"line":47,"column":0},"end":{"line":55,"column":3}},"2":{"start":{"line":48,"column":2},"end":{"line":50,"column":3}},"3":{"start":{"line":49,"column":4},"end":{"line":49,"column":18}},"4":{"start":{"line":52,"column":15},"end":{"line":52,"column":39}},"5":{"start":{"line":53,"column":2},"end":{"line":53,"column":57}},"6":{"start":{"line":54,"column":2},"end":{"line":54,"column":9}},"7":{"start":{"line":58,"column":0},"end":{"line":62,"column":2}},"8":{"start":{"line":59,"column":2},"end":{"line":61,"column":5}},"9":{"start":{"line":65,"column":0},"end":{"line":67,"column":2}},"10":{"start":{"line":66,"column":2},"end":{"line":66,"column":62}},"11":{"start":{"line":70,"column":0},"end":{"line":84,"column":2}},"12":{"start":{"line":72,"column":21},"end":{"line":72,"column":59}},"13":{"start":{"line":75,"column":2},"end":{"line":78,"column":19}},"14":{"start":{"line":81,"column":2},"end":{"line":81,"column":57}},"15":{"start":{"line":83,"column":2},"end":{"line":83,"column":20}}},"fnMap":{"0":{"name":"(anonymous_0)","decl":{"start":{"line":47,"column":23},"end":{"line":47,"column":24}},"loc":{"start":{"line":47,"column":45},"end":{"line":55,"column":1}},"line":47},"1":{"name":"(anonymous_1)","decl":{"start":{"line":58,"column":39},"end":{"line":58,"column":40}},"loc":{"start":{"line":58,"column":51},"end":{"line":62,"column":1}},"line":58},"2":{"name":"(anonymous_2)","decl":{"start":{"line":65,"column":35},"end":{"line":65,"column":36}},"loc":{"start":{"line":65,"column":68},"end":{"line":67,"column":1}},"line":65},"3":{"name":"(anonymous_3)","decl":{"start":{"line":70,"column":43},"end":{"line":70,"column":44}},"loc":{"start":{"line":70,"column":55},"end":{"line":84,"column":1}},"line":70}},"branchMap":{"0":{"loc":{"start":{"line":48,"column":2},"end":{"line":50,"column":3}},"type":"if","locations":[{"start":{"line":48,"column":2},"end":{"line":50,"column":3}},{"start":{},"end":{}}],"line":48}},"s":{"0":4,"1":4,"2":71,"3":0,"4":71,"5":71,"6":71,"7":4,"8":11,"9":4,"10":0,"11":4,"12":0,"13":0,"14":0,"15":0},"f":{"0":71,"1":11,"2":0,"3":0},"b":{"0":[0,71]},"inputSourceMap":null,"_coverageSchema":"1a1c01bbd47fc00a2c39e90264f33305004495a9","hash":"f1a6258c40b503bc768f742c1039e3c593f01755"}
,"/Users/dinesh/Documents/SideSpark/e-commerce-backend/routes/auth.js": {"path":"/Users/dinesh/Documents/SideSpark/e-commerce-backend/routes/auth.js","statementMap":{"0":{"start":{"line":12,"column":15},"end":{"line":12,"column":31}},"1":{"start":{"line":87,"column":0},"end":{"line":87,"column":71}},"2":{"start":{"line":112,"column":0},"end":{"line":112,"column":29}},"3":{"start":{"line":128,"column":0},"end":{"line":128,"column":34}},"4":{"start":{"line":144,"column":0},"end":{"line":144,"column":40}}},"fnMap":{},"branchMap":{},"s":{"0":4,"1":4,"2":4,"3":4,"4":4},"f":{},"b":{},"inputSourceMap":null,"_coverageSchema":"1a1c01bbd47fc00a2c39e90264f33305004495a9","hash":"afd13ee635f695b69c9300b58933a6c7740a5073"}
,"/Users/dinesh/Documents/SideSpark/e-commerce-backend/routes/order.js": {"path":"/Users/dinesh/Documents/SideSpark/e-commerce-backend/routes/order.js","statementMap":{"0":{"start":{"line":11,"column":15},"end":{"line":11,"column":31}},"1":{"start":{"line":13,"column":0},"end":{"line":13,"column":20}},"2":{"start":{"line":79,"column":0},"end":{"line":79,"column":52}},"3":{"start":{"line":106,"column":0},"end":{"line":106,"column":33}},"4":{"start":{"line":135,"column":0},"end":{"line":135,"column":39}},"5":{"start":{"line":166,"column":0},"end":{"line":166,"column":45}}},"fnMap":{},"branchMap":{},"s":{"0":4,"1":4,"2":4,"3":4,"4":4,"5":4},"f":{},"b":{},"inputSourceMap":null,"_coverageSchema":"1a1c01bbd47fc00a2c39e90264f33305004495a9","hash":"90a0f67dc570f6ea55e3cca5ac939fbadfb331ef"}
,"/Users/dinesh/Documents/SideSpark/e-commerce-backend/routes/product.js": {"path":"/Users/dinesh/Documents/SideSpark/e-commerce-backend/routes/product.js","statementMap":{"0":{"start":{"line":12,"column":15},"end":{"line":12,"column":31}},"1":{"start":{"line":83,"column":0},"end":{"line":83,"column":35}},"2":{"start":{"line":111,"column":0},"end":{"line":113,"column":70}},"3":{"start":{"line":138,"column":0},"end":{"line":138,"column":41}},"4":{"start":{"line":189,"column":0},"end":{"line":191,"column":73}},"5":{"start":{"line":218,"column":0},"end":{"line":218,"column":76}}},"fnMap":{},"branchMap":{},"s":{"0":4,"1":4,"2":4,"3":4,"4":4,"5":4},"f":{},"b":{},"inputSourceMap":null,"_coverageSchema":"1a1c01bbd47fc00a2c39e90264f33305004495a9","hash":"bae033214e8889d1066f579b1a735cca288143d3"}
,"/Users/dinesh/Documents/SideSpark/e-commerce-backend/routes/user.js": {"path":"/Users/dinesh/Documents/SideSpark/e-commerce-backend/routes/user.js","statementMap":{"0":{"start":{"line":11,"column":15},"end":{"line":11,"column":31}},"1":{"start":{"line":34,"column":0},"end":{"line":34,"column":26}},"2":{"start":{"line":73,"column":0},"end":{"line":73,"column":71}},"3":{"start":{"line":166,"column":0},"end":{"line":166,"column":41}},"4":{"start":{"line":208,"column":0},"end":{"line":208,"column":29}}},"fnMap":{},"branchMap":{},"s":{"0":4,"1":4,"2":4,"3":4,"4":4},"f":{},"b":{},"inputSourceMap":null,"_coverageSchema":"1a1c01bbd47fc00a2c39e90264f33305004495a9","hash":"679ae7f9bd5965b5dc5d1c02576425c7eb775537"}
}
