TN:
SF:controllers/authController.js
FN:14,(anonymous_0)
FN:58,(anonymous_1)
FN:86,(anonymous_2)
FN:95,(anonymous_3)
FN:115,(anonymous_4)
FN:143,(anonymous_5)
FN:151,(anonymous_6)
FN:167,(anonymous_7)
FNF:8
FNH:3
FNDA:11,(anonymous_0)
FNDA:5,(anonymous_1)
FNDA:0,(anonymous_2)
FNDA:0,(anonymous_3)
FNDA:0,(anonymous_4)
FNDA:0,(anonymous_5)
FNDA:0,(anonymous_6)
FNDA:11,(anonymous_7)
DA:9,4
DA:14,4
DA:15,11
DA:18,11
DA:19,0
DA:23,11
DA:24,0
DA:28,11
DA:29,11
DA:30,2
DA:34,9
DA:35,0
DA:41,9
DA:44,9
DA:52,9
DA:58,4
DA:59,5
DA:62,5
DA:63,0
DA:67,5
DA:68,5
DA:69,1
DA:73,4
DA:74,4
DA:75,2
DA:80,2
DA:86,4
DA:87,0
DA:89,0
DA:95,4
DA:96,0
DA:98,0
DA:99,0
DA:103,0
DA:104,0
DA:106,0
DA:115,4
DA:117,0
DA:122,0
DA:127,0
DA:128,0
DA:132,0
DA:133,0
DA:134,0
DA:135,0
DA:137,0
DA:143,4
DA:144,0
DA:145,0
DA:151,4
DA:152,0
DA:154,0
DA:155,0
DA:158,0
DA:163,0
DA:167,4
DA:168,11
DA:170,11
LF:58
LH:30
BRDA:18,0,0,0
BRDA:18,0,1,11
BRDA:18,1,0,11
BRDA:18,1,1,11
BRDA:18,1,2,11
BRDA:18,1,3,11
BRDA:23,2,0,0
BRDA:23,2,1,11
BRDA:29,3,0,2
BRDA:29,3,1,9
BRDA:34,4,0,0
BRDA:34,4,1,9
BRDA:34,5,0,9
BRDA:34,5,1,2
BRDA:41,6,0,9
BRDA:41,6,1,7
BRDA:62,7,0,0
BRDA:62,7,1,5
BRDA:62,8,0,5
BRDA:62,8,1,5
BRDA:68,9,0,1
BRDA:68,9,1,4
BRDA:74,10,0,2
BRDA:74,10,1,2
BRDA:98,11,0,0
BRDA:98,11,1,0
BRDA:127,12,0,0
BRDA:127,12,1,0
BRDA:154,13,0,0
BRDA:154,13,1,0
BRF:30
BRH:20
end_of_record
TN:
SF:controllers/orderController.js
FN:8,(anonymous_0)
FN:57,(anonymous_1)
FN:91,(anonymous_2)
FN:115,(anonymous_3)
FN:142,(anonymous_4)
FN:163,(anonymous_5)
FNF:6
FNH:6
FNDA:8,(anonymous_0)
FNDA:6,(anonymous_1)
FNDA:3,(anonymous_2)
FNDA:2,(anonymous_3)
FNDA:3,(anonymous_4)
FNDA:1,(anonymous_5)
DA:8,4
DA:9,8
DA:11,8
DA:12,0
DA:17,8
DA:18,0
DA:23,8
DA:24,0
DA:27,8
DA:28,8
DA:29,0
DA:36,8
DA:37,8
DA:38,1
DA:45,7
DA:46,1
DA:55,6
DA:56,6
DA:58,6
DA:59,6
DA:60,6
DA:62,6
DA:63,6
DA:65,6
DA:73,6
DA:81,6
DA:91,4
DA:92,3
DA:93,3
DA:98,3
DA:99,1
DA:102,2
DA:108,0
DA:115,4
DA:116,2
DA:121,1
DA:122,0
DA:126,1
DA:127,0
DA:132,1
DA:142,4
DA:143,3
DA:145,2
DA:146,0
DA:150,2
DA:151,1
DA:157,1
DA:158,0
DA:162,1
DA:164,1
DA:165,1
DA:166,1
DA:170,1
DA:171,1
DA:173,1
LF:55
LH:46
BRDA:11,0,0,0
BRDA:11,0,1,8
BRDA:11,1,0,8
BRDA:11,1,1,8
BRDA:11,1,2,8
BRDA:17,2,0,0
BRDA:17,2,1,8
BRDA:17,3,0,8
BRDA:17,3,1,8
BRDA:23,4,0,0
BRDA:23,4,1,8
BRDA:28,5,0,0
BRDA:28,5,1,8
BRDA:28,6,0,8
BRDA:28,6,1,8
BRDA:37,7,0,1
BRDA:37,7,1,7
BRDA:45,8,0,1
BRDA:45,8,1,6
BRDA:98,9,0,1
BRDA:98,9,1,2
BRDA:121,10,0,0
BRDA:121,10,1,1
BRDA:126,11,0,0
BRDA:126,11,1,1
BRDA:126,12,0,1
BRDA:126,12,1,0
BRDA:145,13,0,0
BRDA:145,13,1,2
BRDA:150,14,0,1
BRDA:150,14,1,1
BRDA:150,15,0,2
BRDA:150,15,1,1
BRDA:157,16,0,0
BRDA:157,16,1,1
BRF:35
BRH:26
end_of_record
TN:
SF:controllers/productController.js
FN:8,(anonymous_0)
FN:68,(anonymous_1)
FN:72,(anonymous_2)
FN:82,(anonymous_3)
FN:99,(anonymous_4)
FN:150,(anonymous_5)
FN:167,(anonymous_6)
FN:207,(anonymous_7)
FN:229,(anonymous_8)
FN:259,(anonymous_9)
FN:277,(anonymous_10)
FNF:11
FNH:6
FNDA:5,(anonymous_0)
FNDA:4,(anonymous_1)
FNDA:0,(anonymous_2)
FNDA:4,(anonymous_3)
FNDA:2,(anonymous_4)
FNDA:0,(anonymous_5)
FNDA:1,(anonymous_6)
FNDA:2,(anonymous_7)
FNDA:0,(anonymous_8)
FNDA:0,(anonymous_9)
FNDA:0,(anonymous_10)
DA:8,4
DA:9,5
DA:12,5
DA:13,2
DA:22,3
DA:25,3
DA:26,3
DA:28,3
DA:29,4
DA:32,4
DA:33,0
DA:36,0
DA:40,4
DA:41,0
DA:43,4
DA:44,0
DA:50,4
DA:51,0
DA:55,4
DA:60,3
DA:61,0
DA:67,3
DA:68,4
DA:71,3
DA:72,0
DA:73,0
DA:82,4
DA:87,3
DA:89,3
DA:99,4
DA:101,2
DA:134,2
DA:150,4
DA:151,0
DA:153,0
DA:154,0
DA:157,0
DA:167,4
DA:168,1
DA:170,1
DA:171,0
DA:175,1
DA:176,0
DA:179,1
DA:188,1
DA:207,4
DA:209,2
DA:212,2
DA:213,1
DA:217,1
DA:220,1
DA:229,4
DA:230,0
DA:231,0
DA:234,0
DA:235,0
DA:241,0
DA:242,0
DA:248,0
DA:251,0
DA:252,0
DA:258,0
DA:259,0
DA:262,0
DA:263,0
DA:269,0
DA:276,0
DA:277,0
DA:280,0
DA:283,0
DA:285,0
DA:295,0
LF:72
LH:38
BRDA:12,0,0,2
BRDA:12,0,1,3
BRDA:12,1,0,5
BRDA:12,1,1,3
BRDA:12,1,2,0
BRDA:22,2,0,3
BRDA:22,2,1,0
BRDA:32,3,0,0
BRDA:32,3,1,4
BRDA:32,4,0,4
BRDA:32,4,1,4
BRDA:32,4,2,4
BRDA:40,5,0,0
BRDA:40,5,1,4
BRDA:43,6,0,0
BRDA:43,6,1,4
BRDA:50,7,0,0
BRDA:50,7,1,4
BRDA:60,8,0,0
BRDA:60,8,1,3
BRDA:71,9,0,0
BRDA:71,9,1,3
BRDA:153,10,0,0
BRDA:153,10,1,0
BRDA:170,11,0,0
BRDA:170,11,1,1
BRDA:175,12,0,0
BRDA:175,12,1,1
BRDA:175,13,0,1
BRDA:175,13,1,1
BRDA:212,14,0,1
BRDA:212,14,1,1
BRDA:234,15,0,0
BRDA:234,15,1,0
BRDA:234,16,0,0
BRDA:234,16,1,0
BRDA:234,16,2,0
BRDA:241,17,0,0
BRDA:241,17,1,0
BRDA:241,18,0,0
BRDA:241,18,1,0
BRDA:251,19,0,0
BRDA:251,19,1,0
BRDA:262,20,0,0
BRDA:262,20,1,0
BRF:45
BRH:20
end_of_record
TN:
SF:controllers/userController.js
FN:9,(anonymous_0)
FN:15,(anonymous_1)
FN:22,(anonymous_2)
FN:62,(anonymous_3)
FN:75,(anonymous_4)
FN:99,(anonymous_5)
FN:145,(anonymous_6)
FN:171,(anonymous_7)
FNF:8
FNH:5
FNDA:4,(anonymous_0)
FNDA:4,(anonymous_1)
FNDA:4,(anonymous_2)
FNDA:1,(anonymous_3)
FNDA:2,(anonymous_4)
FNDA:0,(anonymous_5)
FNDA:0,(anonymous_6)
FNDA:0,(anonymous_7)
DA:9,4
DA:10,4
DA:13,4
DA:14,4
DA:15,4
DA:16,4
DA:20,4
DA:21,4
DA:22,4
DA:25,4
DA:26,1
DA:31,3
DA:32,0
DA:36,3
DA:47,3
DA:48,1
DA:51,2
DA:62,4
DA:63,1
DA:64,1
DA:75,4
DA:76,2
DA:77,2
DA:79,2
DA:80,1
DA:85,1
DA:91,0
DA:99,4
DA:100,0
DA:103,0
DA:104,0
DA:109,0
DA:112,0
DA:113,0
DA:117,0
DA:118,0
DA:119,0
DA:123,0
DA:130,0
DA:145,4
DA:146,0
DA:149,0
DA:150,0
DA:151,0
DA:155,0
DA:156,0
DA:159,0
DA:160,0
DA:162,0
DA:171,4
DA:172,0
DA:174,0
DA:175,0
DA:179,0
DA:180,0
DA:183,0
DA:184,0
DA:186,0
LF:58
LH:28
BRDA:25,0,0,1
BRDA:25,0,1,3
BRDA:31,1,0,0
BRDA:31,1,1,3
BRDA:47,2,0,1
BRDA:47,2,1,2
BRDA:79,3,0,1
BRDA:79,3,1,1
BRDA:103,4,0,0
BRDA:103,4,1,0
BRDA:103,5,0,0
BRDA:103,5,1,0
BRDA:103,5,2,0
BRDA:109,6,0,0
BRDA:109,6,1,0
BRDA:112,7,0,0
BRDA:112,7,1,0
BRDA:118,8,0,0
BRDA:118,8,1,0
BRDA:150,9,0,0
BRDA:150,9,1,0
BRDA:155,10,0,0
BRDA:155,10,1,0
BRDA:174,11,0,0
BRDA:174,11,1,0
BRDA:179,12,0,0
BRDA:179,12,1,0
BRF:27
BRH:7
end_of_record
TN:
SF:middleware/async.js
FN:1,(anonymous_0)
FN:1,(anonymous_1)
FNF:2
FNH:2
FNDA:88,(anonymous_0)
FNDA:80,(anonymous_1)
DA:1,88
DA:2,80
LF:2
LH:2
BRF:0
BRH:0
end_of_record
TN:
SF:middleware/auth.js
FN:8,(anonymous_0)
FN:62,(anonymous_1)
FN:63,(anonymous_2)
FNF:3
FNH:3
FNDA:33,(anonymous_0)
FNDA:12,(anonymous_1)
FNDA:11,(anonymous_2)
DA:8,4
DA:10,33
DA:13,33
DA:14,0
DA:23,33
DA:24,0
DA:32,33
DA:34,33
DA:37,33
DA:39,33
DA:40,0
DA:45,33
DA:47,0
DA:62,4
DA:63,12
DA:65,11
DA:66,3
DA:73,8
LF:18
LH:14
BRDA:13,0,0,0
BRDA:13,0,1,33
BRDA:23,1,0,0
BRDA:23,1,1,33
BRDA:39,2,0,0
BRDA:39,2,1,33
BRDA:65,3,0,3
BRDA:65,3,1,8
BRF:8
BRH:5
end_of_record
TN:
SF:middleware/error.js
FN:3,(anonymous_0)
FN:26,(anonymous_1)
FNF:2
FNH:1
FNDA:21,(anonymous_0)
FNDA:0,(anonymous_1)
DA:3,4
DA:4,21
DA:5,21
DA:8,21
DA:9,0
DA:13,21
DA:14,2
DA:15,2
DA:19,21
DA:20,0
DA:21,0
DA:25,21
DA:26,0
DA:27,0
DA:30,21
LF:15
LH:10
BRDA:8,0,0,0
BRDA:8,0,1,21
BRDA:13,1,0,2
BRDA:13,1,1,19
BRDA:19,2,0,0
BRDA:19,2,1,21
BRDA:25,3,0,0
BRDA:25,3,1,21
BRDA:30,4,0,21
BRDA:30,4,1,0
BRDA:32,5,0,21
BRDA:32,5,1,0
BRF:12
BRH:7
end_of_record
TN:
SF:middleware/security.js
FN:12,(anonymous_0)
FNF:1
FNH:1
FNDA:4,(anonymous_0)
DA:6,4
DA:12,4
DA:14,4
DA:17,4
DA:20,4
DA:23,4
DA:26,4
LF:7
LH:7
BRF:0
BRH:0
end_of_record
TN:
SF:middleware/validateRequest.js
FN:4,(anonymous_0)
FNF:1
FNH:1
FNDA:12,(anonymous_0)
DA:4,4
DA:5,12
DA:7,12
DA:8,1
DA:11,11
LF:5
LH:5
BRDA:7,0,0,1
BRDA:7,0,1,11
BRF:2
BRH:2
end_of_record
TN:
SF:models/index.js
FN:4,(anonymous_0)
FNF:1
FNH:1
FNDA:12,(anonymous_0)
DA:4,4
DA:5,12
DA:6,12
DA:8,8
DA:18,4
DA:19,4
DA:20,4
LF:7
LH:7
BRF:0
BRH:0
end_of_record
TN:
SF:models/schemas/orderSchema.js
FNF:0
FNH:0
DA:3,4
LF:1
LH:1
BRF:0
BRH:0
end_of_record
TN:
SF:models/schemas/productSchema.js
FNF:0
FNH:0
DA:3,4
DA:55,4
LF:2
LH:2
BRF:0
BRH:0
end_of_record
TN:
SF:models/schemas/userSchema.js
FN:47,(anonymous_0)
FN:58,(anonymous_1)
FN:65,(anonymous_2)
FN:70,(anonymous_3)
FNF:4
FNH:2
FNDA:71,(anonymous_0)
FNDA:11,(anonymous_1)
FNDA:0,(anonymous_2)
FNDA:0,(anonymous_3)
DA:6,4
DA:47,4
DA:48,71
DA:49,0
DA:52,71
DA:53,71
DA:54,71
DA:58,4
DA:59,11
DA:65,4
DA:66,0
DA:70,4
DA:72,0
DA:75,0
DA:81,0
DA:83,0
LF:16
LH:10
BRDA:48,0,0,0
BRDA:48,0,1,71
BRF:2
BRH:1
end_of_record
TN:
SF:routes/auth.js
FNF:0
FNH:0
DA:12,4
DA:87,4
DA:112,4
DA:128,4
DA:144,4
LF:5
LH:5
BRF:0
BRH:0
end_of_record
TN:
SF:routes/order.js
FNF:0
FNH:0
DA:11,4
DA:13,4
DA:79,4
DA:106,4
DA:135,4
DA:166,4
LF:6
LH:6
BRF:0
BRH:0
end_of_record
TN:
SF:routes/product.js
FNF:0
FNH:0
DA:12,4
DA:83,4
DA:111,4
DA:138,4
DA:189,4
DA:218,4
LF:6
LH:6
BRF:0
BRH:0
end_of_record
TN:
SF:routes/user.js
FNF:0
FNH:0
DA:11,4
DA:34,4
DA:73,4
DA:166,4
DA:208,4
LF:5
LH:5
BRF:0
BRH:0
end_of_record
